["INFO" - 11:56:14 AM] Extension Name: esbenp.prettier-vscode.
["INFO" - 11:56:14 AM] Extension Version: 5.1.3.
["INFO" - 11:56:14 AM] Enabling prettier for languages
[
  "css",
  "graphql",
  "html",
  "javascript",
  "javascriptreact",
  "json",
  "json5",
  "jsonc",
  "less",
  "markdown",
  "mdx",
  "mongo",
  "postcss",
  "scss",
  "typescript",
  "typescriptreact",
  "vue",
  "yaml"
]
["INFO" - 11:56:14 AM] Enabling prettier for range supported languages
[
  "graphql",
  "javascript",
  "javascriptreact",
  "json",
  "typescript",
  "typescriptreact"
]
["INFO" - 11:57:13 AM] Formatting /home/avi/.config/Code - OSS/User/settings.json
["INFO" - 11:57:13 AM] Using ignore file (if present) at undefined
["INFO" - 11:57:13 AM] Using bundled version of prettier.
["INFO" - 11:57:13 AM] File Info:
{
  "ignored": false,
  "inferredParser": "json"
}
["INFO" - 11:57:13 AM] No local configuration (i.e. .prettierrc or .editorconfig) detected, falling back to VS Code configuration
["INFO" - 11:57:13 AM] Prettier Options:
{
  "arrowParens": "always",
  "bracketSpacing": true,
  "endOfLine": "lf",
  "htmlWhitespaceSensitivity": "css",
  "insertPragma": false,
  "jsxBracketSameLine": false,
  "jsxSingleQuote": false,
  "printWidth": 80,
  "proseWrap": "preserve",
  "quoteProps": "as-needed",
  "requirePragma": false,
  "semi": true,
  "singleQuote": false,
  "tabWidth": 2,
  "trailingComma": "es5",
  "useTabs": false,
  "vueIndentScriptAndStyle": false,
  "filepath": "/home/avi/.config/Code - OSS/User/settings.json",
  "parser": "json"
}
["INFO" - 11:57:13 AM] Formatting completed in 82.292551ms.
["INFO" - 11:57:48 AM] Formatting /home/avi/.config/Code - OSS/User/settings.json
["INFO" - 11:57:48 AM] Using ignore file (if present) at undefined
["INFO" - 11:57:48 AM] Using bundled version of prettier.
["INFO" - 11:57:48 AM] File Info:
{
  "ignored": false,
  "inferredParser": "json"
}
["INFO" - 11:57:48 AM] No local configuration (i.e. .prettierrc or .editorconfig) detected, falling back to VS Code configuration
["INFO" - 11:57:48 AM] Prettier Options:
{
  "arrowParens": "always",
  "bracketSpacing": true,
  "endOfLine": "lf",
  "htmlWhitespaceSensitivity": "css",
  "insertPragma": false,
  "jsxBracketSameLine": false,
  "jsxSingleQuote": false,
  "printWidth": 80,
  "proseWrap": "preserve",
  "quoteProps": "as-needed",
  "requirePragma": false,
  "semi": true,
  "singleQuote": false,
  "tabWidth": 2,
  "trailingComma": "es5",
  "useTabs": false,
  "vueIndentScriptAndStyle": false,
  "filepath": "/home/avi/.config/Code - OSS/User/settings.json",
  "parser": "json"
}
["INFO" - 11:57:48 AM] Formatting completed in 29.844041ms.
