[Info  - 12:12:21 PM] ESLint server stopped.
[Info  - 12:12:22 PM] ESLint server running in node v12.8.1
[Info  - 12:12:22 PM] ESLint server is running.
Uncaught exception received.
Error: spawn /usr/lib/electron7/electron ENOENT
    at Process.ChildProcess._handle.onexit (internal/child_process.js:264:19)
    at onErrorNT (internal/child_process.js:456:16)
    at processTicksAndRejections (internal/process/task_queues.js:77:11)
Uncaught exception received.
Error: spawn /usr/lib/electron7/electron ENOENT
    at Process.ChildProcess._handle.onexit (internal/child_process.js:264:19)
    at onErrorNT (internal/child_process.js:456:16)
    at processTicksAndRejections (internal/process/task_queues.js:77:11)
Uncaught exception received.
Error: spawn /usr/lib/electron7/electron ENOENT
    at Process.ChildProcess._handle.onexit (internal/child_process.js:264:19)
    at onErrorNT (internal/child_process.js:456:16)
    at processTicksAndRejections (internal/process/task_queues.js:77:11)
    at runNextTicks (internal/process/task_queues.js:62:3)
    at processImmediate (internal/timers.js:412:9)
Uncaught exception received.
Error: spawn /usr/lib/electron7/electron ENOENT
    at Process.ChildProcess._handle.onexit (internal/child_process.js:264:19)
    at onErrorNT (internal/child_process.js:456:16)
    at processTicksAndRejections (internal/process/task_queues.js:77:11)
    at runNextTicks (internal/process/task_queues.js:62:3)
    at processImmediate (internal/timers.js:412:9)
Uncaught exception received.
Error: spawn /usr/lib/electron7/electron ENOENT
    at Process.ChildProcess._handle.onexit (internal/child_process.js:264:19)
    at onErrorNT (internal/child_process.js:456:16)
    at processTicksAndRejections (internal/process/task_queues.js:77:11)
    at runNextTicks (internal/process/task_queues.js:62:3)
    at processImmediate (internal/timers.js:412:9)
Uncaught exception received.
Error: spawn /usr/lib/electron7/electron ENOENT
    at Process.ChildProcess._handle.onexit (internal/child_process.js:264:19)
    at onErrorNT (internal/child_process.js:456:16)
    at processTicksAndRejections (internal/process/task_queues.js:77:11)
    at runNextTicks (internal/process/task_queues.js:62:3)
    at processImmediate (internal/timers.js:412:9)
Uncaught exception received.
Error: spawn /usr/lib/electron7/electron ENOENT
    at Process.ChildProcess._handle.onexit (internal/child_process.js:264:19)
    at onErrorNT (internal/child_process.js:456:16)
    at processTicksAndRejections (internal/process/task_queues.js:77:11)
Uncaught exception received.
Error: spawn /usr/lib/electron7/electron ENOENT
    at Process.ChildProcess._handle.onexit (internal/child_process.js:264:19)
    at onErrorNT (internal/child_process.js:456:16)
    at processTicksAndRejections (internal/process/task_queues.js:77:11)
    at runNextTicks (internal/process/task_queues.js:62:3)
    at processImmediate (internal/timers.js:412:9)
Uncaught exception received.
Error: spawn /usr/lib/electron7/electron ENOENT
    at Process.ChildProcess._handle.onexit (internal/child_process.js:264:19)
    at onErrorNT (internal/child_process.js:456:16)
    at processTicksAndRejections (internal/process/task_queues.js:77:11)
    at runNextTicks (internal/process/task_queues.js:62:3)
    at processImmediate (internal/timers.js:412:9)
Uncaught exception received.
Error: spawn /usr/lib/electron7/electron ENOENT
    at Process.ChildProcess._handle.onexit (internal/child_process.js:264:19)
    at onErrorNT (internal/child_process.js:456:16)
    at processTicksAndRejections (internal/process/task_queues.js:77:11)
    at runNextTicks (internal/process/task_queues.js:62:3)
    at processImmediate (internal/timers.js:412:9)
[Info  - 12:38:16 PM] ESLint server stopped.
