[2020-08-06 16:31:39.161] [renderer1] [error] <semantic> TypeScript Server Error (3.9.6)
Cannot read property 'length' of undefined
TypeError: Cannot read property 'length' of undefined
    at Object.find (/usr/lib/code/extensions/node_modules/typescript/lib/tsserver.js:267:35)
    at getAdjustedLocationForClass (/usr/lib/code/extensions/node_modules/typescript/lib/tsserver.js:108411:38)
    at getAdjustedLocationForDeclaration (/usr/lib/code/extensions/node_modules/typescript/lib/tsserver.js:108445:28)
    at getAdjustedLocation (/usr/lib/code/extensions/node_modules/typescript/lib/tsserver.js:108547:28)
    at getAdjustedReferenceLocation (/usr/lib/code/extensions/node_modules/typescript/lib/tsserver.js:108718:16)
    at Object.getMeaningFromLocation (/usr/lib/code/extensions/node_modules/typescript/lib/tsserver.js:107789:16)
    at getIntersectingMeaningFromDeclarations (/usr/lib/code/extensions/node_modules/typescript/lib/tsserver.js:117333:34)
    at getReferencedSymbolsForSymbol (/usr/lib/code/extensions/node_modules/typescript/lib/tsserver.js:116243:44)
    at Object.getReferencedSymbolsForNode (/usr/lib/code/extensions/node_modules/typescript/lib/tsserver.js:116054:34)
    at Object.getReferenceEntriesForNode (/usr/lib/code/extensions/node_modules/typescript/lib/tsserver.js:115773:40)
    at getSemanticDocumentHighlights (/usr/lib/code/extensions/node_modules/typescript/lib/tsserver.js:114419:57)
    at Object.getDocumentHighlights (/usr/lib/code/extensions/node_modules/typescript/lib/tsserver.js:114407:20)
    at Proxy.getDocumentHighlights (/usr/lib/code/extensions/node_modules/typescript/lib/tsserver.js:138994:42)
    at IOSession.Session.getDocumentHighlights (/usr/lib/code/extensions/node_modules/typescript/lib/tsserver.js:148637:71)
    at Session.handlers.ts.createMapFromTemplate._a.<computed> (/usr/lib/code/extensions/node_modules/typescript/lib/tsserver.js:148020:61)
    at /usr/lib/code/extensions/node_modules/typescript/lib/tsserver.js:149553:88
    at IOSession.Session.executeWithRequestId (/usr/lib/code/extensions/node_modules/typescript/lib/tsserver.js:149544:28)
    at IOSession.Session.executeCommand (/usr/lib/code/extensions/node_modules/typescript/lib/tsserver.js:149553:33)
    at IOSession.Session.onMessage (/usr/lib/code/extensions/node_modules/typescript/lib/tsserver.js:149577:35)
    at Interface.<anonymous> (/usr/lib/code/extensions/node_modules/typescript/lib/tsserver.js:150893:27)
    at Interface.emit (events.js:203:13)
    at Interface._onLine (readline.js:316:10)
    at Interface._normalWrite (readline.js:461:12)
    at Socket.ondata (readline.js:172:10)
    at Socket.emit (events.js:203:13)
    at addChunk (_stream_readable.js:295:12)
    at readableAddChunk (_stream_readable.js:276:11)
    at Socket.Readable.push (_stream_readable.js:210:10)
    at Pipe.onStreamRead (internal/stream_base_commons.js:166:17): Error: <semantic> TypeScript Server Error (3.9.6)
Cannot read property 'length' of undefined
TypeError: Cannot read property 'length' of undefined
    at Object.find (/usr/lib/code/extensions/node_modules/typescript/lib/tsserver.js:267:35)
    at getAdjustedLocationForClass (/usr/lib/code/extensions/node_modules/typescript/lib/tsserver.js:108411:38)
    at getAdjustedLocationForDeclaration (/usr/lib/code/extensions/node_modules/typescript/lib/tsserver.js:108445:28)
    at getAdjustedLocation (/usr/lib/code/extensions/node_modules/typescript/lib/tsserver.js:108547:28)
    at getAdjustedReferenceLocation (/usr/lib/code/extensions/node_modules/typescript/lib/tsserver.js:108718:16)
    at Object.getMeaningFromLocation (/usr/lib/code/extensions/node_modules/typescript/lib/tsserver.js:107789:16)
    at getIntersectingMeaningFromDeclarations (/usr/lib/code/extensions/node_modules/typescript/lib/tsserver.js:117333:34)
    at getReferencedSymbolsForSymbol (/usr/lib/code/extensions/node_modules/typescript/lib/tsserver.js:116243:44)
    at Object.getReferencedSymbolsForNode (/usr/lib/code/extensions/node_modules/typescript/lib/tsserver.js:116054:34)
    at Object.getReferenceEntriesForNode (/usr/lib/code/extensions/node_modules/typescript/lib/tsserver.js:115773:40)
    at getSemanticDocumentHighlights (/usr/lib/code/extensions/node_modules/typescript/lib/tsserver.js:114419:57)
    at Object.getDocumentHighlights (/usr/lib/code/extensions/node_modules/typescript/lib/tsserver.js:114407:20)
    at Proxy.getDocumentHighlights (/usr/lib/code/extensions/node_modules/typescript/lib/tsserver.js:138994:42)
    at IOSession.Session.getDocumentHighlights (/usr/lib/code/extensions/node_modules/typescript/lib/tsserver.js:148637:71)
    at Session.handlers.ts.createMapFromTemplate._a.<computed> (/usr/lib/code/extensions/node_modules/typescript/lib/tsserver.js:148020:61)
    at /usr/lib/code/extensions/node_modules/typescript/lib/tsserver.js:149553:88
    at IOSession.Session.executeWithRequestId (/usr/lib/code/extensions/node_modules/typescript/lib/tsserver.js:149544:28)
    at IOSession.Session.executeCommand (/usr/lib/code/extensions/node_modules/typescript/lib/tsserver.js:149553:33)
    at IOSession.Session.onMessage (/usr/lib/code/extensions/node_modules/typescript/lib/tsserver.js:149577:35)
    at Interface.<anonymous> (/usr/lib/code/extensions/node_modules/typescript/lib/tsserver.js:150893:27)
    at Interface.emit (events.js:203:13)
    at Interface._onLine (readline.js:316:10)
    at Interface._normalWrite (readline.js:461:12)
    at Socket.ondata (readline.js:172:10)
    at Socket.emit (events.js:203:13)
    at addChunk (_stream_readable.js:295:12)
    at readableAddChunk (_stream_readable.js:276:11)
    at Socket.Readable.push (_stream_readable.js:210:10)
    at Pipe.onStreamRead (internal/stream_base_commons.js:166:17)
	at Function.create (/usr/lib/code/extensions/typescript-language-features/dist/extension.js:1:55161)
	at h.dispatchResponse (/usr/lib/code/extensions/typescript-language-features/dist/extension.js:1:227777)
	at h.dispatchMessage (/usr/lib/code/extensions/typescript-language-features/dist/extension.js:1:226697)
	at /usr/lib/code/extensions/typescript-language-features/dist/extension.js:1:226173
	at l.fire (/usr/lib/code/out/vs/workbench/services/extensions/node/extensionHostProcess.js:45:801)
	at l.onLengthData (/usr/lib/code/extensions/typescript-language-features/dist/extension.js:1:235493)
	at Socket.<anonymous> (/usr/lib/code/extensions/typescript-language-features/dist/extension.js:1:235141)
	at Socket.emit (events.js:203:13)
	at addChunk (_stream_readable.js:295:12)
	at readableAddChunk (_stream_readable.js:276:11)
	at Socket.Readable.push (_stream_readable.js:210:10)
	at Pipe.onStreamRead (internal/stream_base_commons.js:166:17)
