Info 0    [11:56:16.910] Format host information updated
Info 1    [11:56:16.910] reload projects.
Info 2    [11:56:16.911] Before ensureProjectForOpenFiles:
Info 3    [11:56:16.911] After ensureProjectForOpenFiles:
Info 4    [11:56:16.911] Host file extension mappings updated
Info 5    [11:56:16.925] Search path: /home/avi/test
Info 6    [11:56:16.927] For info: /home/avi/test/index.html :: No config files found.
Info 7    [11:56:16.931] Loading global plugin @angular/language-service
Info 8    [11:56:16.932] Enabling plugin @angular/language-service from candidate paths: /home/avi/.vscode-oss/extensions/angular.ng-template-0.1000.7/server/node_modules/@angular/language-service/bundles/language-service.js,/home/avi/.vscode-oss/extensions/angular.ng-template-0.1000.7/node_modules/typescript/lib/tsserverlibrary.js/../../..
Info 9    [11:56:16.932] Loading @angular/language-service from /home/avi/.vscode-oss/extensions/angular.ng-template-0.1000.7/server/node_modules/@angular/language-service/bundles/language-service.js (resolved to /home/avi/.vscode-oss/extensions/angular.ng-template-0.1000.7/server/node_modules/@angular/language-service/bundles/language-service.js/node_modules)
Info 10   [11:56:17.41] Plugin validation succeded
Info 11   [11:56:17.42] Starting updateGraphWorker: Project: /dev/null/inferredProject1*
Info 12   [11:56:18.816] Finishing updateGraphWorker: Project: /dev/null/inferredProject1* Version: 1 structureChanged: true Elapsed: 1774ms
Info 13   [11:56:18.816] Project '/dev/null/inferredProject1*' (Inferred)
Info 14   [11:56:18.816] 	Files (6)

Info 15   [11:56:18.816] -----------------------------------------------
Info 16   [11:57:54.290] Search path: /home/avi/test
Info 17   [11:57:54.291] For info: /home/avi/test/index.html :: No config files found.
Info 18   [11:57:54.291] Starting updateGraphWorker: Project: /dev/null/inferredProject1*
Info 19   [11:57:54.292] Finishing updateGraphWorker: Project: /dev/null/inferredProject1* Version: 2 structureChanged: false Elapsed: 1ms
Info 20   [11:57:54.292] Project '/dev/null/inferredProject1*' (Inferred)
Info 21   [11:57:54.292] 	Files (6)

Info 22   [11:57:54.292] -----------------------------------------------
Info 23   [12:0:35.132] Search path: /home/avi/test
Info 24   [12:0:35.133] For info: /home/avi/test/index.html :: No config files found.
Info 25   [12:0:35.133] Starting updateGraphWorker: Project: /dev/null/inferredProject1*
Info 26   [12:0:35.133] Finishing updateGraphWorker: Project: /dev/null/inferredProject1* Version: 3 structureChanged: false Elapsed: 0ms
Info 27   [12:0:35.133] Project '/dev/null/inferredProject1*' (Inferred)
Info 28   [12:0:35.134] 	Files (6)

Info 29   [12:0:35.134] -----------------------------------------------
Info 30   [12:2:1.181] Search path: /home/avi/test
Info 31   [12:2:1.182] For info: /home/avi/test/index.html :: No config files found.
Info 32   [12:2:1.182] Starting updateGraphWorker: Project: /dev/null/inferredProject1*
Info 33   [12:2:1.182] Finishing updateGraphWorker: Project: /dev/null/inferredProject1* Version: 4 structureChanged: false Elapsed: 0ms
Info 34   [12:2:1.183] Project '/dev/null/inferredProject1*' (Inferred)
Info 35   [12:2:1.183] 	Files (6)

Info 36   [12:2:1.183] -----------------------------------------------
Info 37   [12:2:20.117] Search path: /home/avi/test
Info 38   [12:2:20.118] For info: /home/avi/test/index.html :: No config files found.
Info 39   [12:2:20.118] Starting updateGraphWorker: Project: /dev/null/inferredProject1*
Info 40   [12:2:20.119] Finishing updateGraphWorker: Project: /dev/null/inferredProject1* Version: 5 structureChanged: false Elapsed: 1ms
Info 41   [12:2:20.119] Project '/dev/null/inferredProject1*' (Inferred)
Info 42   [12:2:20.119] 	Files (6)

Info 43   [12:2:20.119] -----------------------------------------------
