Looking for git in: git
Using git 2.27.0 from git
> git rev-parse --show-toplevel
> git rev-parse --git-dir
Open repository: /home/avi/angular/angular-reddit
> git status -z -u
> git symbolic-ref --short HEAD
> git rev-parse master
> git rev-parse --symbolic-full-name master@{u}
fatal: no upstream configured for branch 'master'
> git for-each-ref --sort -committerdate --format %(refname) %(objectname)
> git remote --verbose
> git config --get commit.template
> git check-ignore -v -z --stdin
> git show --textconv :src/app/app.component.ts
> git ls-files --stage -- /home/avi/angular/angular-reddit/src/app/app.component.ts
> git cat-file -s ff63e050488720c0766df3a354191d53d1af2ca5
> git log --format=%H%n%aN%n%aE%n%at%n%ct%n%P%n%B -z -n21 -- /home/avi/angular/angular-reddit/src/app/app.component.ts
> git status -z -u
> git symbolic-ref --short HEAD
> git rev-parse master
> git rev-parse --symbolic-full-name master@{u}
fatal: no upstream configured for branch 'master'
> git for-each-ref --sort -committerdate --format %(refname) %(objectname)
> git remote --verbose
> git config --get commit.template
> git check-ignore -v -z --stdin
> git show --textconv :src/app/app.component.html
> git ls-files --stage -- /home/avi/angular/angular-reddit/src/app/app.component.html
> git cat-file -s b6931b538a2c5989bfedffeef51a11abadd6df58
> git show --textconv :src/app/app.component.ts
> git ls-files --stage -- /home/avi/angular/angular-reddit/src/app/app.component.ts
> git cat-file -s ff63e050488720c0766df3a354191d53d1af2ca5
> git log --format=%H%n%aN%n%aE%n%at%n%ct%n%P%n%B -z -n21 -- /home/avi/angular/angular-reddit/src/app/app.component.ts
> git show --textconv :src/app/app.component.html
> git ls-files --stage -- /home/avi/angular/angular-reddit/src/app/app.component.html
> git cat-file -s b6931b538a2c5989bfedffeef51a11abadd6df58
> git status -z -u
> git symbolic-ref --short HEAD
> git rev-parse master
> git rev-parse --symbolic-full-name master@{u}
fatal: no upstream configured for branch 'master'
> git for-each-ref --sort -committerdate --format %(refname) %(objectname)
> git remote --verbose
> git config --get commit.template
> git status -z -u
> git symbolic-ref --short HEAD
> git rev-parse master
> git rev-parse --symbolic-full-name master@{u}
fatal: no upstream configured for branch 'master'
> git for-each-ref --sort -committerdate --format %(refname) %(objectname)
> git remote --verbose
> git config --get commit.template
> git check-ignore -v -z --stdin
> git check-ignore -v -z --stdin
> git show --textconv :src/app/user-list/user-list.component.ts
> git ls-files --stage -- /home/avi/angular/angular-reddit/src/app/user-list/user-list.component.ts
> git status -z -u
> git symbolic-ref --short HEAD
> git rev-parse master
> git rev-parse --symbolic-full-name master@{u}
fatal: no upstream configured for branch 'master'
> git for-each-ref --sort -committerdate --format %(refname) %(objectname)
> git remote --verbose
> git config --get commit.template
> git show --textconv :src/app/user-list/user-list.component.html
> git ls-files --stage -- /home/avi/angular/angular-reddit/src/app/user-list/user-list.component.html
> git status -z -u
> git symbolic-ref --short HEAD
> git rev-parse master
> git rev-parse --symbolic-full-name master@{u}
fatal: no upstream configured for branch 'master'
> git for-each-ref --sort -committerdate --format %(refname) %(objectname)
> git remote --verbose
> git config --get commit.template
> git status -z -u
> git symbolic-ref --short HEAD
> git rev-parse master
> git rev-parse --symbolic-full-name master@{u}
fatal: no upstream configured for branch 'master'
> git for-each-ref --sort -committerdate --format %(refname) %(objectname)
> git remote --verbose
> git config --get commit.template
> git check-ignore -v -z --stdin
> git show --textconv :src/app/user-item/user-item.component.html
> git ls-files --stage -- /home/avi/angular/angular-reddit/src/app/user-item/user-item.component.html
> git show --textconv :src/app/user-item/user-item.component.ts
> git ls-files --stage -- /home/avi/angular/angular-reddit/src/app/user-item/user-item.component.ts
> git status -z -u
> git symbolic-ref --short HEAD
> git rev-parse master
> git rev-parse --symbolic-full-name master@{u}
fatal: no upstream configured for branch 'master'
> git for-each-ref --sort -committerdate --format %(refname) %(objectname)
> git remote --verbose
> git config --get commit.template
> git status -z -u
> git symbolic-ref --short HEAD
> git rev-parse master
> git rev-parse --symbolic-full-name master@{u}
fatal: no upstream configured for branch 'master'
> git for-each-ref --sort -committerdate --format %(refname) %(objectname)
> git remote --verbose
> git config --get commit.template
> git show --textconv :src/app/user-item/user-item.component.html
> git ls-files --stage -- /home/avi/angular/angular-reddit/src/app/user-item/user-item.component.html
> git status -z -u
> git symbolic-ref --short HEAD
> git rev-parse master
> git rev-parse --symbolic-full-name master@{u}
fatal: no upstream configured for branch 'master'
> git for-each-ref --sort -committerdate --format %(refname) %(objectname)
> git remote --verbose
> git config --get commit.template
> git status -z -u
> git symbolic-ref --short HEAD
> git rev-parse master
> git rev-parse --symbolic-full-name master@{u}
fatal: no upstream configured for branch 'master'
> git for-each-ref --sort -committerdate --format %(refname) %(objectname)
> git remote --verbose
> git config --get commit.template
> git show --textconv :src/app/user-item/user-item.component.ts
> git ls-files --stage -- /home/avi/angular/angular-reddit/src/app/user-item/user-item.component.ts
> git show --textconv :src/app/user-item/user-item.component.html
> git ls-files --stage -- /home/avi/angular/angular-reddit/src/app/user-item/user-item.component.html
> git show --textconv :src/app/user-item/user-item.component.html
> git ls-files --stage -- /home/avi/angular/angular-reddit/src/app/user-item/user-item.component.html
> git show --textconv :src/app/user-item/user-item.component.ts
> git ls-files --stage -- /home/avi/angular/angular-reddit/src/app/user-item/user-item.component.ts
> git show --textconv :src/app/user-item/user-item.component.html
> git ls-files --stage -- /home/avi/angular/angular-reddit/src/app/user-item/user-item.component.html
> git show --textconv :src/app/user-list/user-list.component.html
> git ls-files --stage -- /home/avi/angular/angular-reddit/src/app/user-list/user-list.component.html
> git show --textconv :src/app/user-list/user-list.component.ts
> git ls-files --stage -- /home/avi/angular/angular-reddit/src/app/user-list/user-list.component.ts
> git show --textconv :src/app/app.component.html
> git ls-files --stage -- /home/avi/angular/angular-reddit/src/app/app.component.html
> git cat-file -s b6931b538a2c5989bfedffeef51a11abadd6df58
> git show --textconv :src/app/app.component.ts
> git ls-files --stage -- /home/avi/angular/angular-reddit/src/app/app.component.ts
> git cat-file -s ff63e050488720c0766df3a354191d53d1af2ca5
> git show --textconv :src/app/app.component.html
> git ls-files --stage -- /home/avi/angular/angular-reddit/src/app/app.component.html
> git cat-file -s b6931b538a2c5989bfedffeef51a11abadd6df58
> git show --textconv :src/app/app.component.ts
> git ls-files --stage -- /home/avi/angular/angular-reddit/src/app/app.component.ts
> git cat-file -s ff63e050488720c0766df3a354191d53d1af2ca5
> git show --textconv :src/app/app.component.html
> git ls-files --stage -- /home/avi/angular/angular-reddit/src/app/app.component.html
> git cat-file -s b6931b538a2c5989bfedffeef51a11abadd6df58
> git status -z -u
> git symbolic-ref --short HEAD
> git rev-parse master
> git rev-parse --symbolic-full-name master@{u}
fatal: no upstream configured for branch 'master'
> git for-each-ref --sort -committerdate --format %(refname) %(objectname)
> git remote --verbose
> git config --get commit.template
> git show --textconv :src/app/user-item/user-item.component.css
> git ls-files --stage -- /home/avi/angular/angular-reddit/src/app/user-item/user-item.component.css
> git show --textconv :src/app/user-item/user-item.component.html
> git ls-files --stage -- /home/avi/angular/angular-reddit/src/app/user-item/user-item.component.html
> git show --textconv :src/app/user-item/user-item.component.ts
> git ls-files --stage -- /home/avi/angular/angular-reddit/src/app/user-item/user-item.component.ts
> git show --textconv :src/app/user-list/user-list.component.html
> git ls-files --stage -- /home/avi/angular/angular-reddit/src/app/user-list/user-list.component.html
> git show --textconv :src/app/user-item/user-item.component.ts
> git ls-files --stage -- /home/avi/angular/angular-reddit/src/app/user-item/user-item.component.ts
> git show --textconv :src/app/user-item/user-item.component.html
> git ls-files --stage -- /home/avi/angular/angular-reddit/src/app/user-item/user-item.component.html
> git show --textconv :src/app/user-item/user-item.component.ts
> git ls-files --stage -- /home/avi/angular/angular-reddit/src/app/user-item/user-item.component.ts
> git show --textconv :src/app/user-item/user-item.component.css
> git ls-files --stage -- /home/avi/angular/angular-reddit/src/app/user-item/user-item.component.css
> git show --textconv :src/app/user-item/user-item.component.html
> git ls-files --stage -- /home/avi/angular/angular-reddit/src/app/user-item/user-item.component.html
> git show --textconv :src/app/user-item/user-item.component.ts
> git ls-files --stage -- /home/avi/angular/angular-reddit/src/app/user-item/user-item.component.ts
> git show --textconv :src/app/user-list/user-list.component.html
> git ls-files --stage -- /home/avi/angular/angular-reddit/src/app/user-list/user-list.component.html
> git show --textconv :src/app/user-list/user-list.component.ts
> git ls-files --stage -- /home/avi/angular/angular-reddit/src/app/user-list/user-list.component.ts
> git show --textconv :src/app/user-item/user-item.component.css
> git ls-files --stage -- /home/avi/angular/angular-reddit/src/app/user-item/user-item.component.css
> git show --textconv :src/app/user-list/user-list.component.ts
> git ls-files --stage -- /home/avi/angular/angular-reddit/src/app/user-list/user-list.component.ts
> git show --textconv :src/app/app.component.ts
> git ls-files --stage -- /home/avi/angular/angular-reddit/src/app/app.component.ts
> git cat-file -s ff63e050488720c0766df3a354191d53d1af2ca5
> git show --textconv :src/app/app.component.html
> git ls-files --stage -- /home/avi/angular/angular-reddit/src/app/app.component.html
> git cat-file -s b6931b538a2c5989bfedffeef51a11abadd6df58
> git status -z -u
> git symbolic-ref --short HEAD
> git rev-parse master
> git rev-parse --symbolic-full-name master@{u}
fatal: no upstream configured for branch 'master'
> git for-each-ref --sort -committerdate --format %(refname) %(objectname)
> git remote --verbose
> git config --get commit.template
> git show --textconv :src/app/user-list/user-list.component.ts
> git ls-files --stage -- /home/avi/angular/angular-reddit/src/app/user-list/user-list.component.ts
> git show --textconv :src/app/user-list/user-list.component.html
> git ls-files --stage -- /home/avi/angular/angular-reddit/src/app/user-list/user-list.component.html
> git show --textconv :src/app/user-item/user-item.component.ts
> git ls-files --stage -- /home/avi/angular/angular-reddit/src/app/user-item/user-item.component.ts
> git show --textconv :src/app/user-list/user-list.component.html
> git ls-files --stage -- /home/avi/angular/angular-reddit/src/app/user-list/user-list.component.html
> git status -z -u
> git symbolic-ref --short HEAD
> git rev-parse master
> git rev-parse --symbolic-full-name master@{u}
fatal: no upstream configured for branch 'master'
> git for-each-ref --sort -committerdate --format %(refname) %(objectname)
> git remote --verbose
> git config --get commit.template
> git check-ignore -v -z --stdin
> git check-ignore -v -z --stdin
> git check-ignore -v -z --stdin
> git status -z -u
> git symbolic-ref --short HEAD
> git rev-parse master
> git rev-parse --symbolic-full-name master@{u}
fatal: no upstream configured for branch 'master'
> git for-each-ref --sort -committerdate --format %(refname) %(objectname)
> git remote --verbose
> git config --get commit.template
> git status -z -u
> git symbolic-ref --short HEAD
> git rev-parse master
> git rev-parse --symbolic-full-name master@{u}
fatal: no upstream configured for branch 'master'
> git for-each-ref --sort -committerdate --format %(refname) %(objectname)
> git remote --verbose
> git config --get commit.template
> git check-ignore -v -z --stdin
> git check-ignore -v -z --stdin
> git show --textconv :src/app/user-item/user-item.component.ts
> git ls-files --stage -- /home/avi/angular/angular-reddit/src/app/user-item/user-item.component.ts
> git show --textconv :src/app/user-list/user-list.component.ts
> git ls-files --stage -- /home/avi/angular/angular-reddit/src/app/user-list/user-list.component.ts
> git show --textconv :src/app/app.component.html
> git ls-files --stage -- /home/avi/angular/angular-reddit/src/app/app.component.html
> git cat-file -s b6931b538a2c5989bfedffeef51a11abadd6df58
> git show --textconv :src/app/app.component.ts
> git ls-files --stage -- /home/avi/angular/angular-reddit/src/app/app.component.ts
> git cat-file -s ff63e050488720c0766df3a354191d53d1af2ca5
