["INFO" - 1:40:46 PM] Extension Name: esbenp.prettier-vscode.
["INFO" - 1:40:46 PM] Extension Version: 5.1.3.
["INFO" - 1:40:46 PM] Enabling prettier for languages
[
  "css",
  "graphql",
  "html",
  "javascript",
  "javascriptreact",
  "json",
  "json5",
  "jsonc",
  "less",
  "markdown",
  "mdx",
  "mongo",
  "postcss",
  "scss",
  "typescript",
  "typescriptreact",
  "vue",
  "yaml"
]
["INFO" - 1:40:46 PM] Enabling prettier for range supported languages
[
  "graphql",
  "javascript",
  "javascriptreact",
  "json",
  "typescript",
  "typescriptreact"
]
["INFO" - 1:41:57 PM] Formatting /home/avi/angular/angular-basics/one/first/src/app/ang-ref/ang-ref.component.html
["INFO" - 1:41:57 PM] Using ignore file (if present) at /home/avi/angular/angular-basics/one/.prettierignore
["INFO" - 1:41:57 PM] Using bundled version of prettier.
["INFO" - 1:41:57 PM] File Info:
{
  "ignored": false,
  "inferredParser": "angular"
}
["INFO" - 1:41:57 PM] Detected local configuration (i.e. .prettierrc or .editorconfig), VS Code configuration will not be used
["INFO" - 1:41:57 PM] Prettier Options:
{
  "filepath": "/home/avi/angular/angular-basics/one/first/src/app/ang-ref/ang-ref.component.html",
  "parser": "angular",
  "useTabs": false,
  "tabWidth": 2
}
["INFO" - 1:41:57 PM] Formatting completed in 112.049648ms.
["INFO" - 4:23:24 PM] Formatting /home/avi/angular/angular-basics/one/first/src/app/ang-ref/ang-ref.component.html
["INFO" - 4:23:24 PM] Using ignore file (if present) at /home/avi/angular/angular-basics/one/.prettierignore
["INFO" - 4:23:24 PM] Using bundled version of prettier.
["INFO" - 4:23:24 PM] File Info:
{
  "ignored": false,
  "inferredParser": "angular"
}
["INFO" - 4:23:24 PM] Detected local configuration (i.e. .prettierrc or .editorconfig), VS Code configuration will not be used
["INFO" - 4:23:24 PM] Prettier Options:
{
  "filepath": "/home/avi/angular/angular-basics/one/first/src/app/ang-ref/ang-ref.component.html",
  "parser": "angular",
  "useTabs": false,
  "tabWidth": 2
}
["INFO" - 4:23:24 PM] Formatting completed in 62.254447ms.
["INFO" - 4:23:43 PM] Formatting /home/avi/angular/angular-basics/one/first/src/app/ang-ref/ang-ref.component.ts
["INFO" - 4:23:43 PM] Using ignore file (if present) at /home/avi/angular/angular-basics/one/.prettierignore
["INFO" - 4:23:43 PM] Using bundled version of prettier.
["INFO" - 4:23:43 PM] File Info:
{
  "ignored": false,
  "inferredParser": "typescript"
}
["INFO" - 4:23:43 PM] Detected local configuration (i.e. .prettierrc or .editorconfig), VS Code configuration will not be used
["INFO" - 4:23:43 PM] Prettier Options:
{
  "filepath": "/home/avi/angular/angular-basics/one/first/src/app/ang-ref/ang-ref.component.ts",
  "parser": "typescript",
  "useTabs": false,
  "tabWidth": 2
}
["INFO" - 4:23:43 PM] Formatting completed in 303.582513ms.
["INFO" - 4:24:04 PM] Formatting /home/avi/angular/angular-basics/one/first/src/app/ang-ref/ang-ref.component.ts
["INFO" - 4:24:04 PM] Using ignore file (if present) at /home/avi/angular/angular-basics/one/.prettierignore
["INFO" - 4:24:04 PM] Using bundled version of prettier.
["INFO" - 4:24:04 PM] File Info:
{
  "ignored": false,
  "inferredParser": "typescript"
}
["INFO" - 4:24:04 PM] Detected local configuration (i.e. .prettierrc or .editorconfig), VS Code configuration will not be used
["INFO" - 4:24:04 PM] Prettier Options:
{
  "filepath": "/home/avi/angular/angular-basics/one/first/src/app/ang-ref/ang-ref.component.ts",
  "parser": "typescript",
  "useTabs": false,
  "tabWidth": 2
}
["INFO" - 4:24:04 PM] Formatting completed in 37.967196ms.
["INFO" - 4:29:07 PM] Formatting /home/avi/angular/angular-basics/one/first/src/app/ang-ref/ang-ref.component.html
["INFO" - 4:29:07 PM] Using ignore file (if present) at /home/avi/angular/angular-basics/one/.prettierignore
["INFO" - 4:29:07 PM] Using bundled version of prettier.
["INFO" - 4:29:07 PM] File Info:
{
  "ignored": false,
  "inferredParser": "angular"
}
["INFO" - 4:29:07 PM] Detected local configuration (i.e. .prettierrc or .editorconfig), VS Code configuration will not be used
["INFO" - 4:29:07 PM] Prettier Options:
{
  "filepath": "/home/avi/angular/angular-basics/one/first/src/app/ang-ref/ang-ref.component.html",
  "parser": "angular",
  "useTabs": false,
  "tabWidth": 2
}
["INFO" - 4:29:07 PM] Formatting completed in 103.77174ms.
["INFO" - 4:29:13 PM] Formatting /home/avi/angular/angular-basics/one/first/src/app/ang-ref/ang-ref.component.ts
["INFO" - 4:29:13 PM] Using ignore file (if present) at /home/avi/angular/angular-basics/one/.prettierignore
["INFO" - 4:29:13 PM] Using bundled version of prettier.
["INFO" - 4:29:13 PM] File Info:
{
  "ignored": false,
  "inferredParser": "typescript"
}
["INFO" - 4:29:13 PM] Detected local configuration (i.e. .prettierrc or .editorconfig), VS Code configuration will not be used
["INFO" - 4:29:13 PM] Prettier Options:
{
  "filepath": "/home/avi/angular/angular-basics/one/first/src/app/ang-ref/ang-ref.component.ts",
  "parser": "typescript",
  "useTabs": false,
  "tabWidth": 2
}
["INFO" - 4:29:13 PM] Formatting completed in 18.324793ms.
["INFO" - 4:29:56 PM] Formatting /home/avi/angular/angular-basics/one/first/src/app/ang-ref/ang-ref.component.ts
["INFO" - 4:29:56 PM] Using ignore file (if present) at /home/avi/angular/angular-basics/one/.prettierignore
["INFO" - 4:29:56 PM] Using bundled version of prettier.
["INFO" - 4:29:56 PM] File Info:
{
  "ignored": false,
  "inferredParser": "typescript"
}
["INFO" - 4:29:56 PM] Detected local configuration (i.e. .prettierrc or .editorconfig), VS Code configuration will not be used
["INFO" - 4:29:56 PM] Prettier Options:
{
  "filepath": "/home/avi/angular/angular-basics/one/first/src/app/ang-ref/ang-ref.component.ts",
  "parser": "typescript",
  "useTabs": false,
  "tabWidth": 2
}
["INFO" - 4:29:56 PM] Formatting completed in 76.614887ms.
["INFO" - 4:30:21 PM] Formatting /home/avi/angular/angular-basics/one/first/src/app/ang-ref/ang-ref.component.ts
["INFO" - 4:30:21 PM] Using ignore file (if present) at /home/avi/angular/angular-basics/one/.prettierignore
["INFO" - 4:30:21 PM] Using bundled version of prettier.
["INFO" - 4:30:21 PM] File Info:
{
  "ignored": false,
  "inferredParser": "typescript"
}
["INFO" - 4:30:21 PM] Detected local configuration (i.e. .prettierrc or .editorconfig), VS Code configuration will not be used
["INFO" - 4:30:21 PM] Prettier Options:
{
  "filepath": "/home/avi/angular/angular-basics/one/first/src/app/ang-ref/ang-ref.component.ts",
  "parser": "typescript",
  "useTabs": false,
  "tabWidth": 2
}
["INFO" - 4:30:21 PM] Formatting completed in 26.243716ms.
["INFO" - 4:30:29 PM] Formatting /home/avi/angular/angular-basics/one/first/src/app/ang-ref/ang-ref.component.ts
["INFO" - 4:30:29 PM] Using ignore file (if present) at /home/avi/angular/angular-basics/one/.prettierignore
["INFO" - 4:30:29 PM] Using bundled version of prettier.
["INFO" - 4:30:29 PM] File Info:
{
  "ignored": false,
  "inferredParser": "typescript"
}
["INFO" - 4:30:29 PM] Detected local configuration (i.e. .prettierrc or .editorconfig), VS Code configuration will not be used
["INFO" - 4:30:29 PM] Prettier Options:
{
  "filepath": "/home/avi/angular/angular-basics/one/first/src/app/ang-ref/ang-ref.component.ts",
  "parser": "typescript",
  "useTabs": false,
  "tabWidth": 2
}
["ERROR" - 4:30:29 PM] Error formatting document.
["ERROR" - 4:30:29 PM] Expression expected. (19:20)
  17 |         id: 1,
  18 |         name: "avi",
> 19 |         checkedIn: ,
     |                    ^
  20 |       },
  21 |     ];
  22 |   }
SyntaxError: Expression expected. (19:20)
  17 |         id: 1,
  18 |         name: "avi",
> 19 |         checkedIn: ,
     |                    ^
  20 |       },
  21 |     ];
  22 |   }
	at t (/home/avi/.vscode-oss/extensions/esbenp.prettier-vscode-5.1.3/node_modules/prettier/parser-typescript.js:1:349)
	at Object.parse (/home/avi/.vscode-oss/extensions/esbenp.prettier-vscode-5.1.3/node_modules/prettier/parser-typescript.js:14:2633274)
	at Object.parse (/home/avi/.vscode-oss/extensions/esbenp.prettier-vscode-5.1.3/node_modules/prettier/index.js:11370:19)
	at coreFormat (/home/avi/.vscode-oss/extensions/esbenp.prettier-vscode-5.1.3/node_modules/prettier/index.js:14784:25)
	at format (/home/avi/.vscode-oss/extensions/esbenp.prettier-vscode-5.1.3/node_modules/prettier/index.js:15019:75)
	at formatWithCursor (/home/avi/.vscode-oss/extensions/esbenp.prettier-vscode-5.1.3/node_modules/prettier/index.js:15035:12)
	at /home/avi/.vscode-oss/extensions/esbenp.prettier-vscode-5.1.3/node_modules/prettier/index.js:51620:12
	at Object.format (/home/avi/.vscode-oss/extensions/esbenp.prettier-vscode-5.1.3/node_modules/prettier/index.js:51640:12)
	at t.default.<anonymous> (/home/avi/.vscode-oss/extensions/esbenp.prettier-vscode-5.1.3/dist/extension.js:1:58387)
	at Generator.next (<anonymous>)
	at s (/home/avi/.vscode-oss/extensions/esbenp.prettier-vscode-5.1.3/dist/extension.js:1:53305)
["INFO" - 4:30:29 PM] Formatting completed in 30.41244ms.
["INFO" - 4:32:00 PM] Formatting /home/avi/angular/angular-basics/one/first/src/app/ang-ref/ang-ref.component.ts
["INFO" - 4:32:00 PM] Using ignore file (if present) at /home/avi/angular/angular-basics/one/.prettierignore
["INFO" - 4:32:00 PM] Using bundled version of prettier.
["INFO" - 4:32:00 PM] File Info:
{
  "ignored": false,
  "inferredParser": "typescript"
}
["INFO" - 4:32:00 PM] Detected local configuration (i.e. .prettierrc or .editorconfig), VS Code configuration will not be used
["INFO" - 4:32:00 PM] Prettier Options:
{
  "filepath": "/home/avi/angular/angular-basics/one/first/src/app/ang-ref/ang-ref.component.ts",
  "parser": "typescript",
  "useTabs": false,
  "tabWidth": 2
}
["INFO" - 4:32:00 PM] Formatting completed in 74.839475ms.
["INFO" - 4:32:14 PM] Formatting /home/avi/angular/angular-basics/one/first/src/app/ang-ref/ang-ref.component.html
["INFO" - 4:32:14 PM] Using ignore file (if present) at /home/avi/angular/angular-basics/one/.prettierignore
["INFO" - 4:32:14 PM] Using bundled version of prettier.
["INFO" - 4:32:14 PM] File Info:
{
  "ignored": false,
  "inferredParser": "angular"
}
["INFO" - 4:32:14 PM] Detected local configuration (i.e. .prettierrc or .editorconfig), VS Code configuration will not be used
["INFO" - 4:32:14 PM] Prettier Options:
{
  "filepath": "/home/avi/angular/angular-basics/one/first/src/app/ang-ref/ang-ref.component.html",
  "parser": "angular",
  "useTabs": false,
  "tabWidth": 2
}
["INFO" - 4:32:14 PM] Formatting completed in 68.550249ms.
["INFO" - 4:32:40 PM] Formatting /home/avi/angular/angular-basics/one/first/src/app/ang-ref/ang-ref.component.ts
["INFO" - 4:32:40 PM] Using ignore file (if present) at /home/avi/angular/angular-basics/one/.prettierignore
["INFO" - 4:32:40 PM] Using bundled version of prettier.
["INFO" - 4:32:40 PM] File Info:
{
  "ignored": false,
  "inferredParser": "typescript"
}
["INFO" - 4:32:40 PM] Detected local configuration (i.e. .prettierrc or .editorconfig), VS Code configuration will not be used
["INFO" - 4:32:40 PM] Prettier Options:
{
  "filepath": "/home/avi/angular/angular-basics/one/first/src/app/ang-ref/ang-ref.component.ts",
  "parser": "typescript",
  "useTabs": false,
  "tabWidth": 2
}
["INFO" - 4:32:40 PM] Formatting completed in 41.886888ms.
["INFO" - 4:33:02 PM] Formatting /home/avi/angular/angular-basics/one/first/src/app/ang-ref/ang-ref.component.html
["INFO" - 4:33:02 PM] Using ignore file (if present) at /home/avi/angular/angular-basics/one/.prettierignore
["INFO" - 4:33:02 PM] Using bundled version of prettier.
["INFO" - 4:33:02 PM] File Info:
{
  "ignored": false,
  "inferredParser": "angular"
}
["INFO" - 4:33:02 PM] Detected local configuration (i.e. .prettierrc or .editorconfig), VS Code configuration will not be used
["INFO" - 4:33:02 PM] Prettier Options:
{
  "filepath": "/home/avi/angular/angular-basics/one/first/src/app/ang-ref/ang-ref.component.html",
  "parser": "angular",
  "useTabs": false,
  "tabWidth": 2
}
["INFO" - 4:33:02 PM] Formatting completed in 67.239829ms.
["INFO" - 4:33:13 PM] Formatting /home/avi/angular/angular-basics/one/first/src/app/ang-ref/ang-ref.component.html
["INFO" - 4:33:13 PM] Using ignore file (if present) at /home/avi/angular/angular-basics/one/.prettierignore
["INFO" - 4:33:13 PM] Using bundled version of prettier.
["INFO" - 4:33:13 PM] File Info:
{
  "ignored": false,
  "inferredParser": "angular"
}
["INFO" - 4:33:13 PM] Detected local configuration (i.e. .prettierrc or .editorconfig), VS Code configuration will not be used
["INFO" - 4:33:13 PM] Prettier Options:
{
  "filepath": "/home/avi/angular/angular-basics/one/first/src/app/ang-ref/ang-ref.component.html",
  "parser": "angular",
  "useTabs": false,
  "tabWidth": 2
}
["INFO" - 4:33:13 PM] Formatting completed in 67.586199ms.
["INFO" - 4:33:49 PM] Formatting /home/avi/angular/angular-basics/one/first/src/app/ang-ref/ang-ref.component.html
["INFO" - 4:33:49 PM] Using ignore file (if present) at /home/avi/angular/angular-basics/one/.prettierignore
["INFO" - 4:33:49 PM] Using bundled version of prettier.
["INFO" - 4:33:49 PM] File Info:
{
  "ignored": false,
  "inferredParser": "angular"
}
["INFO" - 4:33:49 PM] Detected local configuration (i.e. .prettierrc or .editorconfig), VS Code configuration will not be used
["INFO" - 4:33:49 PM] Prettier Options:
{
  "filepath": "/home/avi/angular/angular-basics/one/first/src/app/ang-ref/ang-ref.component.html",
  "parser": "angular",
  "useTabs": false,
  "tabWidth": 2
}
["INFO" - 4:33:49 PM] Formatting completed in 67.243033ms.
["INFO" - 4:34:13 PM] Formatting /home/avi/angular/angular-basics/one/first/src/app/ang-ref/ang-ref.component.html
["INFO" - 4:34:13 PM] Using ignore file (if present) at /home/avi/angular/angular-basics/one/.prettierignore
["INFO" - 4:34:13 PM] Using bundled version of prettier.
["INFO" - 4:34:13 PM] File Info:
{
  "ignored": false,
  "inferredParser": "angular"
}
["INFO" - 4:34:13 PM] Detected local configuration (i.e. .prettierrc or .editorconfig), VS Code configuration will not be used
["INFO" - 4:34:13 PM] Prettier Options:
{
  "filepath": "/home/avi/angular/angular-basics/one/first/src/app/ang-ref/ang-ref.component.html",
  "parser": "angular",
  "useTabs": false,
  "tabWidth": 2
}
["INFO" - 4:34:13 PM] Formatting completed in 63.792843ms.
["INFO" - 4:34:52 PM] Formatting /home/avi/angular/angular-basics/one/first/src/app/ang-ref/ang-ref.component.html
["INFO" - 4:34:52 PM] Using ignore file (if present) at /home/avi/angular/angular-basics/one/.prettierignore
["INFO" - 4:34:52 PM] Using bundled version of prettier.
["INFO" - 4:34:52 PM] File Info:
{
  "ignored": false,
  "inferredParser": "angular"
}
["INFO" - 4:34:52 PM] Detected local configuration (i.e. .prettierrc or .editorconfig), VS Code configuration will not be used
["INFO" - 4:34:52 PM] Prettier Options:
{
  "filepath": "/home/avi/angular/angular-basics/one/first/src/app/ang-ref/ang-ref.component.html",
  "parser": "angular",
  "useTabs": false,
  "tabWidth": 2
}
["INFO" - 4:34:52 PM] Formatting completed in 57.220522ms.
["INFO" - 4:35:05 PM] Formatting /home/avi/angular/angular-basics/one/first/src/app/ang-ref/ang-ref.component.html
["INFO" - 4:35:05 PM] Using ignore file (if present) at /home/avi/angular/angular-basics/one/.prettierignore
["INFO" - 4:35:05 PM] Using bundled version of prettier.
["INFO" - 4:35:05 PM] File Info:
{
  "ignored": false,
  "inferredParser": "angular"
}
["INFO" - 4:35:05 PM] Detected local configuration (i.e. .prettierrc or .editorconfig), VS Code configuration will not be used
["INFO" - 4:35:05 PM] Prettier Options:
{
  "filepath": "/home/avi/angular/angular-basics/one/first/src/app/ang-ref/ang-ref.component.html",
  "parser": "angular",
  "useTabs": false,
  "tabWidth": 2
}
["INFO" - 4:35:05 PM] Formatting completed in 78.740296ms.
["INFO" - 4:35:14 PM] Formatting /home/avi/angular/angular-basics/one/first/src/app/ang-ref/ang-ref.component.html
["INFO" - 4:35:14 PM] Using ignore file (if present) at /home/avi/angular/angular-basics/one/.prettierignore
["INFO" - 4:35:14 PM] Using bundled version of prettier.
["INFO" - 4:35:14 PM] File Info:
{
  "ignored": false,
  "inferredParser": "angular"
}
["INFO" - 4:35:14 PM] Detected local configuration (i.e. .prettierrc or .editorconfig), VS Code configuration will not be used
["INFO" - 4:35:14 PM] Prettier Options:
{
  "filepath": "/home/avi/angular/angular-basics/one/first/src/app/ang-ref/ang-ref.component.html",
  "parser": "angular",
  "useTabs": false,
  "tabWidth": 2
}
["INFO" - 4:35:14 PM] Formatting completed in 59.919727ms.
["INFO" - 4:35:33 PM] Formatting /home/avi/angular/angular-basics/one/first/src/app/ang-ref/ang-ref.component.html
["INFO" - 4:35:33 PM] Using ignore file (if present) at /home/avi/angular/angular-basics/one/.prettierignore
["INFO" - 4:35:33 PM] Using bundled version of prettier.
["INFO" - 4:35:33 PM] File Info:
{
  "ignored": false,
  "inferredParser": "angular"
}
["INFO" - 4:35:33 PM] Detected local configuration (i.e. .prettierrc or .editorconfig), VS Code configuration will not be used
["INFO" - 4:35:33 PM] Prettier Options:
{
  "filepath": "/home/avi/angular/angular-basics/one/first/src/app/ang-ref/ang-ref.component.html",
  "parser": "angular",
  "useTabs": false,
  "tabWidth": 2
}
["ERROR" - 4:35:33 PM] Error formatting document.
["ERROR" - 4:35:33 PM] Unexpected closing tag "span". It may happen when the tag has already been closed by another tag. For more info see https://www.w3.org/TR/html5/syntax.html#closing-elements-that-have-implied-end-tags (8:18)
   6 |   <div *ngIf="name2">Searching for ... {{ name2 }}</div>
   7 |   <ul *ngFor="let passenger of passengers; let i = index">
>  8 |     <span style=></span>
     |                  ^
   9 |     <li>{{ i + 1 }} {{ passenger.name }}</li>
  10 |   </ul>
  11 | </div>
SyntaxError: Unexpected closing tag "span". It may happen when the tag has already been closed by another tag. For more info see https://www.w3.org/TR/html5/syntax.html#closing-elements-that-have-implied-end-tags (8:18)
   6 |   <div *ngIf="name2">Searching for ... {{ name2 }}</div>
   7 |   <ul *ngFor="let passenger of passengers; let i = index">
>  8 |     <span style=></span>
     |                  ^
   9 |     <li>{{ i + 1 }} {{ passenger.name }}</li>
  10 |   </ul>
  11 | </div>
	at ct (/home/avi/.vscode-oss/extensions/esbenp.prettier-vscode-5.1.3/node_modules/prettier/parser-html.js:1:16656)
	at It (/home/avi/.vscode-oss/extensions/esbenp.prettier-vscode-5.1.3/node_modules/prettier/parser-html.js:113:1296)
	at e (/home/avi/.vscode-oss/extensions/esbenp.prettier-vscode-5.1.3/node_modules/prettier/parser-html.js:113:3247)
	at Object.parse (/home/avi/.vscode-oss/extensions/esbenp.prettier-vscode-5.1.3/node_modules/prettier/parser-html.js:113:3724)
	at Object.parse (/home/avi/.vscode-oss/extensions/esbenp.prettier-vscode-5.1.3/node_modules/prettier/index.js:11370:19)
	at coreFormat (/home/avi/.vscode-oss/extensions/esbenp.prettier-vscode-5.1.3/node_modules/prettier/index.js:14784:25)
	at format (/home/avi/.vscode-oss/extensions/esbenp.prettier-vscode-5.1.3/node_modules/prettier/index.js:15019:75)
	at formatWithCursor (/home/avi/.vscode-oss/extensions/esbenp.prettier-vscode-5.1.3/node_modules/prettier/index.js:15035:12)
	at /home/avi/.vscode-oss/extensions/esbenp.prettier-vscode-5.1.3/node_modules/prettier/index.js:51620:12
	at Object.format (/home/avi/.vscode-oss/extensions/esbenp.prettier-vscode-5.1.3/node_modules/prettier/index.js:51640:12)
	at t.default.<anonymous> (/home/avi/.vscode-oss/extensions/esbenp.prettier-vscode-5.1.3/dist/extension.js:1:58387)
	at Generator.next (<anonymous>)
	at s (/home/avi/.vscode-oss/extensions/esbenp.prettier-vscode-5.1.3/dist/extension.js:1:53305)
["INFO" - 4:35:33 PM] Formatting completed in 63.921353ms.
["INFO" - 4:35:44 PM] Formatting /home/avi/angular/angular-basics/one/first/src/app/ang-ref/ang-ref.component.html
["INFO" - 4:35:44 PM] Using ignore file (if present) at /home/avi/angular/angular-basics/one/.prettierignore
["INFO" - 4:35:44 PM] Using bundled version of prettier.
["INFO" - 4:35:44 PM] File Info:
{
  "ignored": false,
  "inferredParser": "angular"
}
["INFO" - 4:35:44 PM] Detected local configuration (i.e. .prettierrc or .editorconfig), VS Code configuration will not be used
["INFO" - 4:35:44 PM] Prettier Options:
{
  "filepath": "/home/avi/angular/angular-basics/one/first/src/app/ang-ref/ang-ref.component.html",
  "parser": "angular",
  "useTabs": false,
  "tabWidth": 2
}
["INFO" - 4:35:45 PM] Formatting completed in 70.708514ms.
["INFO" - 4:36:01 PM] Formatting /home/avi/angular/angular-basics/one/first/src/app/ang-ref/ang-ref.component.css
["INFO" - 4:36:01 PM] Using ignore file (if present) at /home/avi/angular/angular-basics/one/.prettierignore
["INFO" - 4:36:01 PM] Using bundled version of prettier.
["INFO" - 4:36:01 PM] File Info:
{
  "ignored": false,
  "inferredParser": "css"
}
["INFO" - 4:36:01 PM] Detected local configuration (i.e. .prettierrc or .editorconfig), VS Code configuration will not be used
["INFO" - 4:36:01 PM] Prettier Options:
{
  "filepath": "/home/avi/angular/angular-basics/one/first/src/app/ang-ref/ang-ref.component.css",
  "parser": "css",
  "useTabs": false,
  "tabWidth": 2
}
["INFO" - 4:36:01 PM] Formatting completed in 172.019877ms.
["INFO" - 4:36:26 PM] Formatting /home/avi/angular/angular-basics/one/first/src/app/ang-ref/ang-ref.component.css
["INFO" - 4:36:26 PM] Using ignore file (if present) at /home/avi/angular/angular-basics/one/.prettierignore
["INFO" - 4:36:26 PM] Using bundled version of prettier.
["INFO" - 4:36:26 PM] File Info:
{
  "ignored": false,
  "inferredParser": "css"
}
["INFO" - 4:36:26 PM] Detected local configuration (i.e. .prettierrc or .editorconfig), VS Code configuration will not be used
["INFO" - 4:36:26 PM] Prettier Options:
{
  "filepath": "/home/avi/angular/angular-basics/one/first/src/app/ang-ref/ang-ref.component.css",
  "parser": "css",
  "useTabs": false,
  "tabWidth": 2
}
["ERROR" - 4:36:26 PM] Error formatting document.
["ERROR" - 4:36:26 PM] (postcss) CssSyntaxError Unknown word (5:5)
  3 |     height: 10px;
  4 |     background-color: green;
> 5 |     margin
    |     ^
  6 | }
  7 | 
SyntaxError: (postcss) CssSyntaxError Unknown word (5:5)
  3 |     height: 10px;
  4 |     background-color: green;
> 5 |     margin
    |     ^
  6 | }
  7 | 
	at e.exports (/home/avi/.vscode-oss/extensions/esbenp.prettier-vscode-5.1.3/node_modules/prettier/parser-postcss.js:8:41343)
	at parseWithParser (/home/avi/.vscode-oss/extensions/esbenp.prettier-vscode-5.1.3/node_modules/prettier/parser-postcss.js:8:37677)
	at parseLess (/home/avi/.vscode-oss/extensions/esbenp.prettier-vscode-5.1.3/node_modules/prettier/parser-postcss.js:8:40738)
	at Object.parse (/home/avi/.vscode-oss/extensions/esbenp.prettier-vscode-5.1.3/node_modules/prettier/parser-postcss.js:8:41152)
	at Object.parse (/home/avi/.vscode-oss/extensions/esbenp.prettier-vscode-5.1.3/node_modules/prettier/index.js:11370:19)
	at coreFormat (/home/avi/.vscode-oss/extensions/esbenp.prettier-vscode-5.1.3/node_modules/prettier/index.js:14784:25)
	at format (/home/avi/.vscode-oss/extensions/esbenp.prettier-vscode-5.1.3/node_modules/prettier/index.js:15019:75)
	at formatWithCursor (/home/avi/.vscode-oss/extensions/esbenp.prettier-vscode-5.1.3/node_modules/prettier/index.js:15035:12)
	at /home/avi/.vscode-oss/extensions/esbenp.prettier-vscode-5.1.3/node_modules/prettier/index.js:51620:12
	at Object.format (/home/avi/.vscode-oss/extensions/esbenp.prettier-vscode-5.1.3/node_modules/prettier/index.js:51640:12)
	at t.default.<anonymous> (/home/avi/.vscode-oss/extensions/esbenp.prettier-vscode-5.1.3/dist/extension.js:1:58387)
	at Generator.next (<anonymous>)
	at s (/home/avi/.vscode-oss/extensions/esbenp.prettier-vscode-5.1.3/dist/extension.js:1:53305)
["INFO" - 4:36:26 PM] Formatting completed in 15.7798ms.
["INFO" - 4:36:44 PM] Formatting /home/avi/angular/angular-basics/one/first/src/app/ang-ref/ang-ref.component.css
["INFO" - 4:36:44 PM] Using ignore file (if present) at /home/avi/angular/angular-basics/one/.prettierignore
["INFO" - 4:36:44 PM] Using bundled version of prettier.
["INFO" - 4:36:44 PM] File Info:
{
  "ignored": false,
  "inferredParser": "css"
}
["INFO" - 4:36:44 PM] Detected local configuration (i.e. .prettierrc or .editorconfig), VS Code configuration will not be used
["INFO" - 4:36:44 PM] Prettier Options:
{
  "filepath": "/home/avi/angular/angular-basics/one/first/src/app/ang-ref/ang-ref.component.css",
  "parser": "css",
  "useTabs": false,
  "tabWidth": 2
}
["INFO" - 4:36:44 PM] Formatting completed in 26.271214ms.
["INFO" - 4:36:55 PM] Formatting /home/avi/angular/angular-basics/one/first/src/app/ang-ref/ang-ref.component.css
["INFO" - 4:36:55 PM] Using ignore file (if present) at /home/avi/angular/angular-basics/one/.prettierignore
["INFO" - 4:36:55 PM] Using bundled version of prettier.
["INFO" - 4:36:55 PM] File Info:
{
  "ignored": false,
  "inferredParser": "css"
}
["INFO" - 4:36:55 PM] Detected local configuration (i.e. .prettierrc or .editorconfig), VS Code configuration will not be used
["INFO" - 4:36:55 PM] Prettier Options:
{
  "filepath": "/home/avi/angular/angular-basics/one/first/src/app/ang-ref/ang-ref.component.css",
  "parser": "css",
  "useTabs": false,
  "tabWidth": 2
}
["INFO" - 4:36:55 PM] Formatting completed in 27.411119ms.
["INFO" - 4:37:05 PM] Formatting /home/avi/angular/angular-basics/one/first/src/app/ang-ref/ang-ref.component.css
["INFO" - 4:37:05 PM] Using ignore file (if present) at /home/avi/angular/angular-basics/one/.prettierignore
["INFO" - 4:37:05 PM] Using bundled version of prettier.
["INFO" - 4:37:05 PM] File Info:
{
  "ignored": false,
  "inferredParser": "css"
}
["INFO" - 4:37:05 PM] Detected local configuration (i.e. .prettierrc or .editorconfig), VS Code configuration will not be used
["INFO" - 4:37:05 PM] Prettier Options:
{
  "filepath": "/home/avi/angular/angular-basics/one/first/src/app/ang-ref/ang-ref.component.css",
  "parser": "css",
  "useTabs": false,
  "tabWidth": 2
}
["INFO" - 4:37:05 PM] Formatting completed in 18.573664ms.
["INFO" - 4:37:18 PM] Formatting /home/avi/angular/angular-basics/one/first/src/app/ang-ref/ang-ref.component.html
["INFO" - 4:37:18 PM] Using ignore file (if present) at /home/avi/angular/angular-basics/one/.prettierignore
["INFO" - 4:37:18 PM] Using bundled version of prettier.
["INFO" - 4:37:18 PM] File Info:
{
  "ignored": false,
  "inferredParser": "angular"
}
["INFO" - 4:37:18 PM] Detected local configuration (i.e. .prettierrc or .editorconfig), VS Code configuration will not be used
["INFO" - 4:37:18 PM] Prettier Options:
{
  "filepath": "/home/avi/angular/angular-basics/one/first/src/app/ang-ref/ang-ref.component.html",
  "parser": "angular",
  "useTabs": false,
  "tabWidth": 2
}
["INFO" - 4:37:19 PM] Formatting completed in 56.567886ms.
["INFO" - 4:37:57 PM] Formatting /home/avi/angular/angular-basics/one/first/src/app/ang-ref/ang-ref.component.css
["INFO" - 4:37:57 PM] Using ignore file (if present) at /home/avi/angular/angular-basics/one/.prettierignore
["INFO" - 4:37:57 PM] Using bundled version of prettier.
["INFO" - 4:37:57 PM] File Info:
{
  "ignored": false,
  "inferredParser": "css"
}
["INFO" - 4:37:57 PM] Detected local configuration (i.e. .prettierrc or .editorconfig), VS Code configuration will not be used
["INFO" - 4:37:57 PM] Prettier Options:
{
  "filepath": "/home/avi/angular/angular-basics/one/first/src/app/ang-ref/ang-ref.component.css",
  "parser": "css",
  "useTabs": false,
  "tabWidth": 2
}
["INFO" - 4:37:57 PM] Formatting completed in 28.274339ms.
["INFO" - 4:38:18 PM] Formatting /home/avi/angular/angular-basics/one/first/src/app/ang-ref/ang-ref.component.css
["INFO" - 4:38:18 PM] Using ignore file (if present) at /home/avi/angular/angular-basics/one/.prettierignore
["INFO" - 4:38:18 PM] Using bundled version of prettier.
["INFO" - 4:38:18 PM] File Info:
{
  "ignored": false,
  "inferredParser": "css"
}
["INFO" - 4:38:18 PM] Detected local configuration (i.e. .prettierrc or .editorconfig), VS Code configuration will not be used
["INFO" - 4:38:18 PM] Prettier Options:
{
  "filepath": "/home/avi/angular/angular-basics/one/first/src/app/ang-ref/ang-ref.component.css",
  "parser": "css",
  "useTabs": false,
  "tabWidth": 2
}
["INFO" - 4:38:18 PM] Formatting completed in 24.300756ms.
["INFO" - 4:38:22 PM] Formatting /home/avi/angular/angular-basics/one/first/src/app/ang-ref/ang-ref.component.css
["INFO" - 4:38:22 PM] Using ignore file (if present) at /home/avi/angular/angular-basics/one/.prettierignore
["INFO" - 4:38:22 PM] Using bundled version of prettier.
["INFO" - 4:38:22 PM] File Info:
{
  "ignored": false,
  "inferredParser": "css"
}
["INFO" - 4:38:22 PM] Detected local configuration (i.e. .prettierrc or .editorconfig), VS Code configuration will not be used
["INFO" - 4:38:22 PM] Prettier Options:
{
  "filepath": "/home/avi/angular/angular-basics/one/first/src/app/ang-ref/ang-ref.component.css",
  "parser": "css",
  "useTabs": false,
  "tabWidth": 2
}
["INFO" - 4:38:22 PM] Formatting completed in 20.598892ms.
["INFO" - 4:38:25 PM] Formatting /home/avi/angular/angular-basics/one/first/src/app/ang-ref/ang-ref.component.css
["INFO" - 4:38:25 PM] Using ignore file (if present) at /home/avi/angular/angular-basics/one/.prettierignore
["INFO" - 4:38:25 PM] Using bundled version of prettier.
["INFO" - 4:38:25 PM] File Info:
{
  "ignored": false,
  "inferredParser": "css"
}
["INFO" - 4:38:25 PM] Detected local configuration (i.e. .prettierrc or .editorconfig), VS Code configuration will not be used
["INFO" - 4:38:25 PM] Prettier Options:
{
  "filepath": "/home/avi/angular/angular-basics/one/first/src/app/ang-ref/ang-ref.component.css",
  "parser": "css",
  "useTabs": false,
  "tabWidth": 2
}
["INFO" - 4:38:25 PM] Formatting completed in 17.23444ms.
["INFO" - 4:38:34 PM] Formatting /home/avi/angular/angular-basics/one/first/src/app/ang-ref/ang-ref.component.css
["INFO" - 4:38:34 PM] Using ignore file (if present) at /home/avi/angular/angular-basics/one/.prettierignore
["INFO" - 4:38:34 PM] Using bundled version of prettier.
["INFO" - 4:38:34 PM] File Info:
{
  "ignored": false,
  "inferredParser": "css"
}
["INFO" - 4:38:34 PM] Detected local configuration (i.e. .prettierrc or .editorconfig), VS Code configuration will not be used
["INFO" - 4:38:34 PM] Prettier Options:
{
  "filepath": "/home/avi/angular/angular-basics/one/first/src/app/ang-ref/ang-ref.component.css",
  "parser": "css",
  "useTabs": false,
  "tabWidth": 2
}
["INFO" - 4:38:34 PM] Formatting completed in 25.378375ms.
["INFO" - 4:38:37 PM] Formatting /home/avi/angular/angular-basics/one/first/src/app/ang-ref/ang-ref.component.css
["INFO" - 4:38:37 PM] Using ignore file (if present) at /home/avi/angular/angular-basics/one/.prettierignore
["INFO" - 4:38:37 PM] Using bundled version of prettier.
["INFO" - 4:38:37 PM] File Info:
{
  "ignored": false,
  "inferredParser": "css"
}
["INFO" - 4:38:37 PM] Detected local configuration (i.e. .prettierrc or .editorconfig), VS Code configuration will not be used
["INFO" - 4:38:37 PM] Prettier Options:
{
  "filepath": "/home/avi/angular/angular-basics/one/first/src/app/ang-ref/ang-ref.component.css",
  "parser": "css",
  "useTabs": false,
  "tabWidth": 2
}
["INFO" - 4:38:37 PM] Formatting completed in 32.342144ms.
["INFO" - 4:38:43 PM] Formatting /home/avi/angular/angular-basics/one/first/src/app/ang-ref/ang-ref.component.css
["INFO" - 4:38:43 PM] Using ignore file (if present) at /home/avi/angular/angular-basics/one/.prettierignore
["INFO" - 4:38:43 PM] Using bundled version of prettier.
["INFO" - 4:38:43 PM] File Info:
{
  "ignored": false,
  "inferredParser": "css"
}
["INFO" - 4:38:44 PM] Detected local configuration (i.e. .prettierrc or .editorconfig), VS Code configuration will not be used
["INFO" - 4:38:44 PM] Prettier Options:
{
  "filepath": "/home/avi/angular/angular-basics/one/first/src/app/ang-ref/ang-ref.component.css",
  "parser": "css",
  "useTabs": false,
  "tabWidth": 2
}
["INFO" - 4:38:44 PM] Formatting completed in 75.101448ms.
["INFO" - 4:39:23 PM] Formatting /home/avi/angular/angular-basics/one/first/src/app/ang-ref/ang-ref.component.css
["INFO" - 4:39:23 PM] Using ignore file (if present) at /home/avi/angular/angular-basics/one/.prettierignore
["INFO" - 4:39:23 PM] Using bundled version of prettier.
["INFO" - 4:39:23 PM] File Info:
{
  "ignored": false,
  "inferredParser": "css"
}
["INFO" - 4:39:23 PM] Detected local configuration (i.e. .prettierrc or .editorconfig), VS Code configuration will not be used
["INFO" - 4:39:23 PM] Prettier Options:
{
  "filepath": "/home/avi/angular/angular-basics/one/first/src/app/ang-ref/ang-ref.component.css",
  "parser": "css",
  "useTabs": false,
  "tabWidth": 2
}
["INFO" - 4:39:23 PM] Formatting completed in 14.308013ms.
["INFO" - 4:40:16 PM] Formatting /home/avi/angular/angular-basics/one/first/src/app/ang-ref/ang-ref.component.html
["INFO" - 4:40:16 PM] Using ignore file (if present) at /home/avi/angular/angular-basics/one/.prettierignore
["INFO" - 4:40:16 PM] Using bundled version of prettier.
["INFO" - 4:40:16 PM] File Info:
{
  "ignored": false,
  "inferredParser": "angular"
}
["INFO" - 4:40:16 PM] Detected local configuration (i.e. .prettierrc or .editorconfig), VS Code configuration will not be used
["INFO" - 4:40:16 PM] Prettier Options:
{
  "filepath": "/home/avi/angular/angular-basics/one/first/src/app/ang-ref/ang-ref.component.html",
  "parser": "angular",
  "useTabs": false,
  "tabWidth": 2
}
["INFO" - 4:40:16 PM] Formatting completed in 49.003816ms.
["INFO" - 4:40:59 PM] Formatting /home/avi/angular/angular-basics/one/first/src/app/ang-ref/ang-ref.component.html
["INFO" - 4:40:59 PM] Using ignore file (if present) at /home/avi/angular/angular-basics/one/.prettierignore
["INFO" - 4:40:59 PM] Using bundled version of prettier.
["INFO" - 4:40:59 PM] File Info:
{
  "ignored": false,
  "inferredParser": "angular"
}
["INFO" - 4:40:59 PM] Detected local configuration (i.e. .prettierrc or .editorconfig), VS Code configuration will not be used
["INFO" - 4:40:59 PM] Prettier Options:
{
  "filepath": "/home/avi/angular/angular-basics/one/first/src/app/ang-ref/ang-ref.component.html",
  "parser": "angular",
  "useTabs": false,
  "tabWidth": 2
}
["INFO" - 4:40:59 PM] Formatting completed in 72.144599ms.
["INFO" - 4:41:17 PM] Formatting /home/avi/angular/angular-basics/one/first/src/app/ang-ref/ang-ref.component.html
["INFO" - 4:41:17 PM] Using ignore file (if present) at /home/avi/angular/angular-basics/one/.prettierignore
["INFO" - 4:41:17 PM] Using bundled version of prettier.
["INFO" - 4:41:17 PM] File Info:
{
  "ignored": false,
  "inferredParser": "angular"
}
["INFO" - 4:41:17 PM] Detected local configuration (i.e. .prettierrc or .editorconfig), VS Code configuration will not be used
["INFO" - 4:41:17 PM] Prettier Options:
{
  "filepath": "/home/avi/angular/angular-basics/one/first/src/app/ang-ref/ang-ref.component.html",
  "parser": "angular",
  "useTabs": false,
  "tabWidth": 2
}
["INFO" - 4:41:17 PM] Formatting completed in 65.900843ms.
["INFO" - 4:42:25 PM] Formatting /home/avi/angular/angular-basics/one/first/src/app/ang-ref/ang-ref.component.css
["INFO" - 4:42:25 PM] Using ignore file (if present) at /home/avi/angular/angular-basics/one/.prettierignore
["INFO" - 4:42:25 PM] Using bundled version of prettier.
["INFO" - 4:42:25 PM] File Info:
{
  "ignored": false,
  "inferredParser": "css"
}
["INFO" - 4:42:25 PM] Detected local configuration (i.e. .prettierrc or .editorconfig), VS Code configuration will not be used
["INFO" - 4:42:25 PM] Prettier Options:
{
  "filepath": "/home/avi/angular/angular-basics/one/first/src/app/ang-ref/ang-ref.component.css",
  "parser": "css",
  "useTabs": false,
  "tabWidth": 2
}
["INFO" - 4:42:25 PM] Formatting completed in 34.16642ms.
["INFO" - 4:42:34 PM] Formatting /home/avi/angular/angular-basics/one/first/src/app/ang-ref/ang-ref.component.css
["INFO" - 4:42:34 PM] Using ignore file (if present) at /home/avi/angular/angular-basics/one/.prettierignore
["INFO" - 4:42:34 PM] Using bundled version of prettier.
["INFO" - 4:42:34 PM] File Info:
{
  "ignored": false,
  "inferredParser": "css"
}
["INFO" - 4:42:34 PM] Detected local configuration (i.e. .prettierrc or .editorconfig), VS Code configuration will not be used
["INFO" - 4:42:34 PM] Prettier Options:
{
  "filepath": "/home/avi/angular/angular-basics/one/first/src/app/ang-ref/ang-ref.component.css",
  "parser": "css",
  "useTabs": false,
  "tabWidth": 2
}
["INFO" - 4:42:34 PM] Formatting completed in 32.240153ms.
["INFO" - 4:44:43 PM] Formatting /home/avi/angular/angular-basics/one/first/src/app/ang-ref/ang-ref.component.css
["INFO" - 4:44:43 PM] Using ignore file (if present) at /home/avi/angular/angular-basics/one/.prettierignore
["INFO" - 4:44:43 PM] Using bundled version of prettier.
["INFO" - 4:44:43 PM] File Info:
{
  "ignored": false,
  "inferredParser": "css"
}
["INFO" - 4:44:43 PM] Detected local configuration (i.e. .prettierrc or .editorconfig), VS Code configuration will not be used
["INFO" - 4:44:43 PM] Prettier Options:
{
  "filepath": "/home/avi/angular/angular-basics/one/first/src/app/ang-ref/ang-ref.component.css",
  "parser": "css",
  "useTabs": false,
  "tabWidth": 2
}
["INFO" - 4:44:43 PM] Formatting completed in 31.661922ms.
["INFO" - 4:44:52 PM] Formatting /home/avi/angular/angular-basics/one/first/src/app/ang-ref/ang-ref.component.html
["INFO" - 4:44:52 PM] Using ignore file (if present) at /home/avi/angular/angular-basics/one/.prettierignore
["INFO" - 4:44:52 PM] Using bundled version of prettier.
["INFO" - 4:44:52 PM] File Info:
{
  "ignored": false,
  "inferredParser": "angular"
}
["INFO" - 4:44:52 PM] Detected local configuration (i.e. .prettierrc or .editorconfig), VS Code configuration will not be used
["INFO" - 4:44:52 PM] Prettier Options:
{
  "filepath": "/home/avi/angular/angular-basics/one/first/src/app/ang-ref/ang-ref.component.html",
  "parser": "angular",
  "useTabs": false,
  "tabWidth": 2
}
["INFO" - 4:44:52 PM] Formatting completed in 94.704018ms.
["INFO" - 4:45:18 PM] Formatting /home/avi/angular/angular-basics/one/first/src/app/ang-ref/ang-ref.component.html
["INFO" - 4:45:18 PM] Using ignore file (if present) at /home/avi/angular/angular-basics/one/.prettierignore
["INFO" - 4:45:18 PM] Using bundled version of prettier.
["INFO" - 4:45:18 PM] File Info:
{
  "ignored": false,
  "inferredParser": "angular"
}
["INFO" - 4:45:18 PM] Detected local configuration (i.e. .prettierrc or .editorconfig), VS Code configuration will not be used
["INFO" - 4:45:18 PM] Prettier Options:
{
  "filepath": "/home/avi/angular/angular-basics/one/first/src/app/ang-ref/ang-ref.component.html",
  "parser": "angular",
  "useTabs": false,
  "tabWidth": 2
}
["INFO" - 4:45:18 PM] Formatting completed in 60.282176ms.
["INFO" - 4:46:54 PM] Formatting /home/avi/angular/angular-basics/one/first/src/app/ang-ref/ang-ref.component.html
["INFO" - 4:46:54 PM] Using ignore file (if present) at /home/avi/angular/angular-basics/one/.prettierignore
["INFO" - 4:46:54 PM] Using bundled version of prettier.
["INFO" - 4:46:54 PM] File Info:
{
  "ignored": false,
  "inferredParser": "angular"
}
["INFO" - 4:46:54 PM] Detected local configuration (i.e. .prettierrc or .editorconfig), VS Code configuration will not be used
["INFO" - 4:46:54 PM] Prettier Options:
{
  "filepath": "/home/avi/angular/angular-basics/one/first/src/app/ang-ref/ang-ref.component.html",
  "parser": "angular",
  "useTabs": false,
  "tabWidth": 2
}
["INFO" - 4:46:54 PM] Formatting completed in 81.22641ms.
["INFO" - 4:47:14 PM] Formatting /home/avi/angular/angular-basics/one/first/src/app/ang-ref/ang-ref.component.css
["INFO" - 4:47:14 PM] Using ignore file (if present) at /home/avi/angular/angular-basics/one/.prettierignore
["INFO" - 4:47:14 PM] Using bundled version of prettier.
["INFO" - 4:47:14 PM] File Info:
{
  "ignored": false,
  "inferredParser": "css"
}
["INFO" - 4:47:14 PM] Detected local configuration (i.e. .prettierrc or .editorconfig), VS Code configuration will not be used
["INFO" - 4:47:14 PM] Prettier Options:
{
  "filepath": "/home/avi/angular/angular-basics/one/first/src/app/ang-ref/ang-ref.component.css",
  "parser": "css",
  "useTabs": false,
  "tabWidth": 2
}
["INFO" - 4:47:14 PM] Formatting completed in 41.653688ms.
["INFO" - 4:48:11 PM] Formatting /home/avi/angular/angular-basics/one/first/src/app/ang-ref/ang-ref.component.html
["INFO" - 4:48:11 PM] Using ignore file (if present) at /home/avi/angular/angular-basics/one/.prettierignore
["INFO" - 4:48:11 PM] Using bundled version of prettier.
["INFO" - 4:48:11 PM] File Info:
{
  "ignored": false,
  "inferredParser": "angular"
}
["INFO" - 4:48:11 PM] Detected local configuration (i.e. .prettierrc or .editorconfig), VS Code configuration will not be used
["INFO" - 4:48:11 PM] Prettier Options:
{
  "filepath": "/home/avi/angular/angular-basics/one/first/src/app/ang-ref/ang-ref.component.html",
  "parser": "angular",
  "useTabs": false,
  "tabWidth": 2
}
["INFO" - 4:48:11 PM] Formatting completed in 73.137317ms.
["INFO" - 4:48:34 PM] Formatting /home/avi/angular/angular-basics/one/first/src/app/ang-ref/ang-ref.component.html
["INFO" - 4:48:34 PM] Using ignore file (if present) at /home/avi/angular/angular-basics/one/.prettierignore
["INFO" - 4:48:34 PM] Using bundled version of prettier.
["INFO" - 4:48:34 PM] File Info:
{
  "ignored": false,
  "inferredParser": "angular"
}
["INFO" - 4:48:34 PM] Detected local configuration (i.e. .prettierrc or .editorconfig), VS Code configuration will not be used
["INFO" - 4:48:34 PM] Prettier Options:
{
  "filepath": "/home/avi/angular/angular-basics/one/first/src/app/ang-ref/ang-ref.component.html",
  "parser": "angular",
  "useTabs": false,
  "tabWidth": 2
}
["INFO" - 4:48:34 PM] Formatting completed in 61.068094ms.
["INFO" - 4:49:03 PM] Formatting /home/avi/angular/angular-basics/one/first/src/app/ang-ref/ang-ref.component.css
["INFO" - 4:49:03 PM] Using ignore file (if present) at /home/avi/angular/angular-basics/one/.prettierignore
["INFO" - 4:49:03 PM] Using bundled version of prettier.
["INFO" - 4:49:03 PM] File Info:
{
  "ignored": false,
  "inferredParser": "css"
}
["INFO" - 4:49:03 PM] Detected local configuration (i.e. .prettierrc or .editorconfig), VS Code configuration will not be used
["INFO" - 4:49:03 PM] Prettier Options:
{
  "filepath": "/home/avi/angular/angular-basics/one/first/src/app/ang-ref/ang-ref.component.css",
  "parser": "css",
  "useTabs": false,
  "tabWidth": 2
}
["INFO" - 4:49:03 PM] Formatting completed in 21.547641ms.
["INFO" - 4:49:35 PM] Formatting /home/avi/angular/angular-basics/one/first/src/app/ang-ref/ang-ref.component.html
["INFO" - 4:49:35 PM] Using ignore file (if present) at /home/avi/angular/angular-basics/one/.prettierignore
["INFO" - 4:49:35 PM] Using bundled version of prettier.
["INFO" - 4:49:35 PM] File Info:
{
  "ignored": false,
  "inferredParser": "angular"
}
["INFO" - 4:49:35 PM] Detected local configuration (i.e. .prettierrc or .editorconfig), VS Code configuration will not be used
["INFO" - 4:49:35 PM] Prettier Options:
{
  "filepath": "/home/avi/angular/angular-basics/one/first/src/app/ang-ref/ang-ref.component.html",
  "parser": "angular",
  "useTabs": false,
  "tabWidth": 2
}
["INFO" - 4:49:35 PM] Formatting completed in 107.178142ms.
["INFO" - 4:50:11 PM] Formatting /home/avi/angular/angular-basics/one/first/src/app/ang-ref/ang-ref.component.html
["INFO" - 4:50:11 PM] Using ignore file (if present) at /home/avi/angular/angular-basics/one/.prettierignore
["INFO" - 4:50:11 PM] Using bundled version of prettier.
["INFO" - 4:50:11 PM] File Info:
{
  "ignored": false,
  "inferredParser": "angular"
}
["INFO" - 4:50:11 PM] Detected local configuration (i.e. .prettierrc or .editorconfig), VS Code configuration will not be used
["INFO" - 4:50:11 PM] Prettier Options:
{
  "filepath": "/home/avi/angular/angular-basics/one/first/src/app/ang-ref/ang-ref.component.html",
  "parser": "angular",
  "useTabs": false,
  "tabWidth": 2
}
["INFO" - 4:50:11 PM] Formatting completed in 80.267915ms.
["INFO" - 4:50:20 PM] Formatting /home/avi/angular/angular-basics/one/first/src/app/ang-ref/ang-ref.component.html
["INFO" - 4:50:20 PM] Using ignore file (if present) at /home/avi/angular/angular-basics/one/.prettierignore
["INFO" - 4:50:20 PM] Using bundled version of prettier.
["INFO" - 4:50:20 PM] File Info:
{
  "ignored": false,
  "inferredParser": "angular"
}
["INFO" - 4:50:20 PM] Detected local configuration (i.e. .prettierrc or .editorconfig), VS Code configuration will not be used
["INFO" - 4:50:20 PM] Prettier Options:
{
  "filepath": "/home/avi/angular/angular-basics/one/first/src/app/ang-ref/ang-ref.component.html",
  "parser": "angular",
  "useTabs": false,
  "tabWidth": 2
}
["INFO" - 4:50:20 PM] Formatting completed in 98.730282ms.
["INFO" - 4:51:05 PM] Formatting /home/avi/angular/angular-basics/one/first/src/app/ang-ref/ang-ref.component.html
["INFO" - 4:51:05 PM] Using ignore file (if present) at /home/avi/angular/angular-basics/one/.prettierignore
["INFO" - 4:51:05 PM] Using bundled version of prettier.
["INFO" - 4:51:05 PM] File Info:
{
  "ignored": false,
  "inferredParser": "angular"
}
["INFO" - 4:51:05 PM] Detected local configuration (i.e. .prettierrc or .editorconfig), VS Code configuration will not be used
["INFO" - 4:51:05 PM] Prettier Options:
{
  "filepath": "/home/avi/angular/angular-basics/one/first/src/app/ang-ref/ang-ref.component.html",
  "parser": "angular",
  "useTabs": false,
  "tabWidth": 2
}
["INFO" - 4:51:05 PM] Formatting completed in 58.619016ms.
["INFO" - 4:51:23 PM] Formatting /home/avi/angular/angular-basics/one/first/src/app/ang-ref/ang-ref.component.html
["INFO" - 4:51:23 PM] Using ignore file (if present) at /home/avi/angular/angular-basics/one/.prettierignore
["INFO" - 4:51:23 PM] Using bundled version of prettier.
["INFO" - 4:51:23 PM] File Info:
{
  "ignored": false,
  "inferredParser": "angular"
}
["INFO" - 4:51:23 PM] Detected local configuration (i.e. .prettierrc or .editorconfig), VS Code configuration will not be used
["INFO" - 4:51:23 PM] Prettier Options:
{
  "filepath": "/home/avi/angular/angular-basics/one/first/src/app/ang-ref/ang-ref.component.html",
  "parser": "angular",
  "useTabs": false,
  "tabWidth": 2
}
["INFO" - 4:51:23 PM] Formatting completed in 134.603737ms.
["INFO" - 4:52:15 PM] Formatting /home/avi/angular/angular-basics/one/first/src/app/ang-ref/ang-ref.component.html
["INFO" - 4:52:15 PM] Using ignore file (if present) at /home/avi/angular/angular-basics/one/.prettierignore
["INFO" - 4:52:15 PM] Using bundled version of prettier.
["INFO" - 4:52:15 PM] File Info:
{
  "ignored": false,
  "inferredParser": "angular"
}
["INFO" - 4:52:15 PM] Detected local configuration (i.e. .prettierrc or .editorconfig), VS Code configuration will not be used
["INFO" - 4:52:15 PM] Prettier Options:
{
  "filepath": "/home/avi/angular/angular-basics/one/first/src/app/ang-ref/ang-ref.component.html",
  "parser": "angular",
  "useTabs": false,
  "tabWidth": 2
}
["ERROR" - 4:52:15 PM] Error formatting document.
["ERROR" - 4:52:15 PM] Unexpected closing tag "span". It may happen when the tag has already been closed by another tag. For more info see https://www.w3.org/TR/html5/syntax.html#closing-elements-that-have-implied-end-tags (14:74)
  12 |   <h1>Passenger</h1>
  13 |   <ul *ngFor="let passenger of passengers; let i = index">
> 14 |     <span class="status" [ngClass]="{"checked-in: passenger.checkedIn"}"></span>
     |                                                                          ^
  15 |     <li>{{ i + 1 }} {{ passenger.name }}</li>
  16 |   </ul>
  17 | </div>
SyntaxError: Unexpected closing tag "span". It may happen when the tag has already been closed by another tag. For more info see https://www.w3.org/TR/html5/syntax.html#closing-elements-that-have-implied-end-tags (14:74)
  12 |   <h1>Passenger</h1>
  13 |   <ul *ngFor="let passenger of passengers; let i = index">
> 14 |     <span class="status" [ngClass]="{"checked-in: passenger.checkedIn"}"></span>
     |                                                                          ^
  15 |     <li>{{ i + 1 }} {{ passenger.name }}</li>
  16 |   </ul>
  17 | </div>
	at ct (/home/avi/.vscode-oss/extensions/esbenp.prettier-vscode-5.1.3/node_modules/prettier/parser-html.js:1:16656)
	at It (/home/avi/.vscode-oss/extensions/esbenp.prettier-vscode-5.1.3/node_modules/prettier/parser-html.js:113:1296)
	at e (/home/avi/.vscode-oss/extensions/esbenp.prettier-vscode-5.1.3/node_modules/prettier/parser-html.js:113:3247)
	at Object.parse (/home/avi/.vscode-oss/extensions/esbenp.prettier-vscode-5.1.3/node_modules/prettier/parser-html.js:113:3724)
	at Object.parse (/home/avi/.vscode-oss/extensions/esbenp.prettier-vscode-5.1.3/node_modules/prettier/index.js:11370:19)
	at coreFormat (/home/avi/.vscode-oss/extensions/esbenp.prettier-vscode-5.1.3/node_modules/prettier/index.js:14784:25)
	at format (/home/avi/.vscode-oss/extensions/esbenp.prettier-vscode-5.1.3/node_modules/prettier/index.js:15019:75)
	at formatWithCursor (/home/avi/.vscode-oss/extensions/esbenp.prettier-vscode-5.1.3/node_modules/prettier/index.js:15035:12)
	at /home/avi/.vscode-oss/extensions/esbenp.prettier-vscode-5.1.3/node_modules/prettier/index.js:51620:12
	at Object.format (/home/avi/.vscode-oss/extensions/esbenp.prettier-vscode-5.1.3/node_modules/prettier/index.js:51640:12)
	at t.default.<anonymous> (/home/avi/.vscode-oss/extensions/esbenp.prettier-vscode-5.1.3/dist/extension.js:1:58387)
	at Generator.next (<anonymous>)
	at s (/home/avi/.vscode-oss/extensions/esbenp.prettier-vscode-5.1.3/dist/extension.js:1:53305)
["INFO" - 4:52:15 PM] Formatting completed in 21.735493ms.
["INFO" - 4:52:34 PM] Formatting /home/avi/angular/angular-basics/one/first/src/app/ang-ref/ang-ref.component.html
["INFO" - 4:52:34 PM] Using ignore file (if present) at /home/avi/angular/angular-basics/one/.prettierignore
["INFO" - 4:52:34 PM] Using bundled version of prettier.
["INFO" - 4:52:34 PM] File Info:
{
  "ignored": false,
  "inferredParser": "angular"
}
["INFO" - 4:52:34 PM] Detected local configuration (i.e. .prettierrc or .editorconfig), VS Code configuration will not be used
["INFO" - 4:52:34 PM] Prettier Options:
{
  "filepath": "/home/avi/angular/angular-basics/one/first/src/app/ang-ref/ang-ref.component.html",
  "parser": "angular",
  "useTabs": false,
  "tabWidth": 2
}
["INFO" - 4:52:34 PM] Formatting completed in 58.682544ms.
["INFO" - 4:53:22 PM] Formatting /home/avi/angular/angular-basics/one/first/src/app/ang-ref/ang-ref.component.html
["INFO" - 4:53:22 PM] Using ignore file (if present) at /home/avi/angular/angular-basics/one/.prettierignore
["INFO" - 4:53:22 PM] Using bundled version of prettier.
["INFO" - 4:53:22 PM] File Info:
{
  "ignored": false,
  "inferredParser": "angular"
}
["INFO" - 4:53:22 PM] Detected local configuration (i.e. .prettierrc or .editorconfig), VS Code configuration will not be used
["INFO" - 4:53:22 PM] Prettier Options:
{
  "filepath": "/home/avi/angular/angular-basics/one/first/src/app/ang-ref/ang-ref.component.html",
  "parser": "angular",
  "useTabs": false,
  "tabWidth": 2
}
["INFO" - 4:53:22 PM] Formatting completed in 67.382227ms.
["INFO" - 4:54:01 PM] Formatting /home/avi/angular/angular-basics/one/first/src/app/ang-ref/ang-ref.component.html
["INFO" - 4:54:01 PM] Using ignore file (if present) at /home/avi/angular/angular-basics/one/.prettierignore
["INFO" - 4:54:01 PM] Using bundled version of prettier.
["INFO" - 4:54:01 PM] File Info:
{
  "ignored": false,
  "inferredParser": "angular"
}
["INFO" - 4:54:01 PM] Detected local configuration (i.e. .prettierrc or .editorconfig), VS Code configuration will not be used
["INFO" - 4:54:01 PM] Prettier Options:
{
  "filepath": "/home/avi/angular/angular-basics/one/first/src/app/ang-ref/ang-ref.component.html",
  "parser": "angular",
  "useTabs": false,
  "tabWidth": 2
}
["INFO" - 4:54:01 PM] Formatting completed in 64.391259ms.
["INFO" - 4:55:08 PM] Formatting /home/avi/angular/angular-basics/one/first/src/app/ang-ref/ang-ref.component.html
["INFO" - 4:55:08 PM] Using ignore file (if present) at /home/avi/angular/angular-basics/one/.prettierignore
["INFO" - 4:55:08 PM] Using bundled version of prettier.
["INFO" - 4:55:08 PM] File Info:
{
  "ignored": false,
  "inferredParser": "angular"
}
["INFO" - 4:55:08 PM] Detected local configuration (i.e. .prettierrc or .editorconfig), VS Code configuration will not be used
["INFO" - 4:55:08 PM] Prettier Options:
{
  "filepath": "/home/avi/angular/angular-basics/one/first/src/app/ang-ref/ang-ref.component.html",
  "parser": "angular",
  "useTabs": false,
  "tabWidth": 2
}
["INFO" - 4:55:08 PM] Formatting completed in 144.064541ms.
["INFO" - 4:55:32 PM] Formatting /home/avi/angular/angular-basics/one/first/src/app/ang-ref/ang-ref.component.html
["INFO" - 4:55:32 PM] Using ignore file (if present) at /home/avi/angular/angular-basics/one/.prettierignore
["INFO" - 4:55:32 PM] Using bundled version of prettier.
["INFO" - 4:55:32 PM] File Info:
{
  "ignored": false,
  "inferredParser": "angular"
}
["INFO" - 4:55:32 PM] Detected local configuration (i.e. .prettierrc or .editorconfig), VS Code configuration will not be used
["INFO" - 4:55:32 PM] Prettier Options:
{
  "filepath": "/home/avi/angular/angular-basics/one/first/src/app/ang-ref/ang-ref.component.html",
  "parser": "angular",
  "useTabs": false,
  "tabWidth": 2
}
["INFO" - 4:55:32 PM] Formatting completed in 119.077699ms.
["INFO" - 4:55:57 PM] Formatting /home/avi/angular/angular-basics/one/first/src/app/ang-ref/ang-ref.component.html
["INFO" - 4:55:57 PM] Using ignore file (if present) at /home/avi/angular/angular-basics/one/.prettierignore
["INFO" - 4:55:57 PM] Using bundled version of prettier.
["INFO" - 4:55:57 PM] File Info:
{
  "ignored": false,
  "inferredParser": "angular"
}
["INFO" - 4:55:57 PM] Detected local configuration (i.e. .prettierrc or .editorconfig), VS Code configuration will not be used
["INFO" - 4:55:57 PM] Prettier Options:
{
  "filepath": "/home/avi/angular/angular-basics/one/first/src/app/ang-ref/ang-ref.component.html",
  "parser": "angular",
  "useTabs": false,
  "tabWidth": 2
}
["INFO" - 4:55:57 PM] Formatting completed in 179.414391ms.
["INFO" - 4:56:06 PM] Formatting /home/avi/angular/angular-basics/one/first/src/app/ang-ref/ang-ref.component.html
["INFO" - 4:56:06 PM] Using ignore file (if present) at /home/avi/angular/angular-basics/one/.prettierignore
["INFO" - 4:56:06 PM] Using bundled version of prettier.
["INFO" - 4:56:06 PM] File Info:
{
  "ignored": false,
  "inferredParser": "angular"
}
["INFO" - 4:56:06 PM] Detected local configuration (i.e. .prettierrc or .editorconfig), VS Code configuration will not be used
["INFO" - 4:56:06 PM] Prettier Options:
{
  "filepath": "/home/avi/angular/angular-basics/one/first/src/app/ang-ref/ang-ref.component.html",
  "parser": "angular",
  "useTabs": false,
  "tabWidth": 2
}
["INFO" - 4:56:06 PM] Formatting completed in 130.952324ms.
["INFO" - 4:56:20 PM] Formatting /home/avi/angular/angular-basics/one/first/src/app/ang-ref/ang-ref.component.html
["INFO" - 4:56:20 PM] Using ignore file (if present) at /home/avi/angular/angular-basics/one/.prettierignore
["INFO" - 4:56:20 PM] Using bundled version of prettier.
["INFO" - 4:56:20 PM] File Info:
{
  "ignored": false,
  "inferredParser": "angular"
}
["INFO" - 4:56:20 PM] Detected local configuration (i.e. .prettierrc or .editorconfig), VS Code configuration will not be used
["INFO" - 4:56:20 PM] Prettier Options:
{
  "filepath": "/home/avi/angular/angular-basics/one/first/src/app/ang-ref/ang-ref.component.html",
  "parser": "angular",
  "useTabs": false,
  "tabWidth": 2
}
["ERROR" - 4:56:20 PM] Error formatting document.
["ERROR" - 4:56:20 PM] Unexpected closing tag "span". It may happen when the tag has already been closed by another tag. For more info see https://www.w3.org/TR/html5/syntax.html#closing-elements-that-have-implied-end-tags (25:53)
  23 |   <h1>Passenger</h1>
  24 |   <ul *ngFor="let passenger of passengers; let i = index">
> 25 |     <span class="status" [style.backgroundColor] = ></span>
     |                                                     ^
  26 |     <li>{{ i + 1 }} {{ passenger.name }}</li>
  27 |   </ul>
  28 | </div>
SyntaxError: Unexpected closing tag "span". It may happen when the tag has already been closed by another tag. For more info see https://www.w3.org/TR/html5/syntax.html#closing-elements-that-have-implied-end-tags (25:53)
  23 |   <h1>Passenger</h1>
  24 |   <ul *ngFor="let passenger of passengers; let i = index">
> 25 |     <span class="status" [style.backgroundColor] = ></span>
     |                                                     ^
  26 |     <li>{{ i + 1 }} {{ passenger.name }}</li>
  27 |   </ul>
  28 | </div>
	at ct (/home/avi/.vscode-oss/extensions/esbenp.prettier-vscode-5.1.3/node_modules/prettier/parser-html.js:1:16656)
	at It (/home/avi/.vscode-oss/extensions/esbenp.prettier-vscode-5.1.3/node_modules/prettier/parser-html.js:113:1296)
	at e (/home/avi/.vscode-oss/extensions/esbenp.prettier-vscode-5.1.3/node_modules/prettier/parser-html.js:113:3247)
	at Object.parse (/home/avi/.vscode-oss/extensions/esbenp.prettier-vscode-5.1.3/node_modules/prettier/parser-html.js:113:3724)
	at Object.parse (/home/avi/.vscode-oss/extensions/esbenp.prettier-vscode-5.1.3/node_modules/prettier/index.js:11370:19)
	at coreFormat (/home/avi/.vscode-oss/extensions/esbenp.prettier-vscode-5.1.3/node_modules/prettier/index.js:14784:25)
	at format (/home/avi/.vscode-oss/extensions/esbenp.prettier-vscode-5.1.3/node_modules/prettier/index.js:15019:75)
	at formatWithCursor (/home/avi/.vscode-oss/extensions/esbenp.prettier-vscode-5.1.3/node_modules/prettier/index.js:15035:12)
	at /home/avi/.vscode-oss/extensions/esbenp.prettier-vscode-5.1.3/node_modules/prettier/index.js:51620:12
	at Object.format (/home/avi/.vscode-oss/extensions/esbenp.prettier-vscode-5.1.3/node_modules/prettier/index.js:51640:12)
	at t.default.<anonymous> (/home/avi/.vscode-oss/extensions/esbenp.prettier-vscode-5.1.3/dist/extension.js:1:58387)
	at Generator.next (<anonymous>)
	at s (/home/avi/.vscode-oss/extensions/esbenp.prettier-vscode-5.1.3/dist/extension.js:1:53305)
["INFO" - 4:56:20 PM] Formatting completed in 36.017244ms.
["INFO" - 4:56:38 PM] Formatting /home/avi/angular/angular-basics/one/first/src/app/ang-ref/ang-ref.component.html
["INFO" - 4:56:38 PM] Using ignore file (if present) at /home/avi/angular/angular-basics/one/.prettierignore
["INFO" - 4:56:38 PM] Using bundled version of prettier.
["INFO" - 4:56:38 PM] File Info:
{
  "ignored": false,
  "inferredParser": "angular"
}
["INFO" - 4:56:38 PM] Detected local configuration (i.e. .prettierrc or .editorconfig), VS Code configuration will not be used
["INFO" - 4:56:38 PM] Prettier Options:
{
  "filepath": "/home/avi/angular/angular-basics/one/first/src/app/ang-ref/ang-ref.component.html",
  "parser": "angular",
  "useTabs": false,
  "tabWidth": 2
}
["INFO" - 4:56:38 PM] Formatting completed in 144.334174ms.
["INFO" - 4:57:04 PM] Formatting /home/avi/angular/angular-basics/one/first/src/app/ang-ref/ang-ref.component.html
["INFO" - 4:57:04 PM] Using ignore file (if present) at /home/avi/angular/angular-basics/one/.prettierignore
["INFO" - 4:57:04 PM] Using bundled version of prettier.
["INFO" - 4:57:04 PM] File Info:
{
  "ignored": false,
  "inferredParser": "angular"
}
["INFO" - 4:57:04 PM] Detected local configuration (i.e. .prettierrc or .editorconfig), VS Code configuration will not be used
["INFO" - 4:57:04 PM] Prettier Options:
{
  "filepath": "/home/avi/angular/angular-basics/one/first/src/app/ang-ref/ang-ref.component.html",
  "parser": "angular",
  "useTabs": false,
  "tabWidth": 2
}
["INFO" - 4:57:04 PM] Formatting completed in 83.886761ms.
["INFO" - 4:58:25 PM] Formatting /home/avi/angular/angular-basics/one/first/src/app/ang-ref/ang-ref.component.html
["INFO" - 4:58:25 PM] Using ignore file (if present) at /home/avi/angular/angular-basics/one/.prettierignore
["INFO" - 4:58:25 PM] Using bundled version of prettier.
["INFO" - 4:58:25 PM] File Info:
{
  "ignored": false,
  "inferredParser": "angular"
}
["INFO" - 4:58:25 PM] Detected local configuration (i.e. .prettierrc or .editorconfig), VS Code configuration will not be used
["INFO" - 4:58:25 PM] Prettier Options:
{
  "filepath": "/home/avi/angular/angular-basics/one/first/src/app/ang-ref/ang-ref.component.html",
  "parser": "angular",
  "useTabs": false,
  "tabWidth": 2
}
["INFO" - 4:58:25 PM] Formatting completed in 127.152567ms.
["INFO" - 4:58:38 PM] Formatting /home/avi/angular/angular-basics/one/first/src/app/ang-ref/ang-ref.component.html
["INFO" - 4:58:38 PM] Using ignore file (if present) at /home/avi/angular/angular-basics/one/.prettierignore
["INFO" - 4:58:38 PM] Using bundled version of prettier.
["INFO" - 4:58:38 PM] File Info:
{
  "ignored": false,
  "inferredParser": "angular"
}
["INFO" - 4:58:38 PM] Detected local configuration (i.e. .prettierrc or .editorconfig), VS Code configuration will not be used
["INFO" - 4:58:38 PM] Prettier Options:
{
  "filepath": "/home/avi/angular/angular-basics/one/first/src/app/ang-ref/ang-ref.component.html",
  "parser": "angular",
  "useTabs": false,
  "tabWidth": 2
}
["INFO" - 4:58:38 PM] Formatting completed in 97.996848ms.
["INFO" - 4:58:46 PM] Formatting /home/avi/angular/angular-basics/one/first/src/app/ang-ref/ang-ref.component.html
["INFO" - 4:58:46 PM] Using ignore file (if present) at /home/avi/angular/angular-basics/one/.prettierignore
["INFO" - 4:58:46 PM] Using bundled version of prettier.
["INFO" - 4:58:46 PM] File Info:
{
  "ignored": false,
  "inferredParser": "angular"
}
["INFO" - 4:58:46 PM] Detected local configuration (i.e. .prettierrc or .editorconfig), VS Code configuration will not be used
["INFO" - 4:58:46 PM] Prettier Options:
{
  "filepath": "/home/avi/angular/angular-basics/one/first/src/app/ang-ref/ang-ref.component.html",
  "parser": "angular",
  "useTabs": false,
  "tabWidth": 2
}
["INFO" - 4:58:46 PM] Formatting completed in 78.685991ms.
["INFO" - 4:59:11 PM] Formatting /home/avi/angular/angular-basics/one/first/src/app/ang-ref/ang-ref.component.html
["INFO" - 4:59:11 PM] Using ignore file (if present) at /home/avi/angular/angular-basics/one/.prettierignore
["INFO" - 4:59:11 PM] Using bundled version of prettier.
["INFO" - 4:59:11 PM] File Info:
{
  "ignored": false,
  "inferredParser": "angular"
}
["INFO" - 4:59:11 PM] Detected local configuration (i.e. .prettierrc or .editorconfig), VS Code configuration will not be used
["INFO" - 4:59:11 PM] Prettier Options:
{
  "filepath": "/home/avi/angular/angular-basics/one/first/src/app/ang-ref/ang-ref.component.html",
  "parser": "angular",
  "useTabs": false,
  "tabWidth": 2
}
["INFO" - 4:59:12 PM] Formatting completed in 98.803221ms.
["INFO" - 4:59:24 PM] Formatting /home/avi/angular/angular-basics/one/first/src/app/ang-ref/ang-ref.component.html
["INFO" - 4:59:24 PM] Using ignore file (if present) at /home/avi/angular/angular-basics/one/.prettierignore
["INFO" - 4:59:24 PM] Using bundled version of prettier.
["INFO" - 4:59:24 PM] File Info:
{
  "ignored": false,
  "inferredParser": "angular"
}
["INFO" - 4:59:24 PM] Detected local configuration (i.e. .prettierrc or .editorconfig), VS Code configuration will not be used
["INFO" - 4:59:24 PM] Prettier Options:
{
  "filepath": "/home/avi/angular/angular-basics/one/first/src/app/ang-ref/ang-ref.component.html",
  "parser": "angular",
  "useTabs": false,
  "tabWidth": 2
}
["INFO" - 4:59:24 PM] Formatting completed in 132.885702ms.
["INFO" - 5:04:36 PM] Formatting /home/avi/angular/angular-basics/one/first/src/app/ang-ref/ang-ref.component.html
["INFO" - 5:04:36 PM] Using ignore file (if present) at /home/avi/angular/angular-basics/one/.prettierignore
["INFO" - 5:04:36 PM] Using bundled version of prettier.
["INFO" - 5:04:36 PM] File Info:
{
  "ignored": false,
  "inferredParser": "angular"
}
["INFO" - 5:04:36 PM] Detected local configuration (i.e. .prettierrc or .editorconfig), VS Code configuration will not be used
["INFO" - 5:04:36 PM] Prettier Options:
{
  "filepath": "/home/avi/angular/angular-basics/one/first/src/app/ang-ref/ang-ref.component.html",
  "parser": "angular",
  "useTabs": false,
  "tabWidth": 2
}
["INFO" - 5:04:37 PM] Formatting completed in 74.245089ms.
["INFO" - 5:05:01 PM] Formatting /home/avi/angular/angular-basics/one/first/src/app/ang-ref/ang-ref.component.html
["INFO" - 5:05:01 PM] Using ignore file (if present) at /home/avi/angular/angular-basics/one/.prettierignore
["INFO" - 5:05:01 PM] Using bundled version of prettier.
["INFO" - 5:05:01 PM] File Info:
{
  "ignored": false,
  "inferredParser": "angular"
}
["INFO" - 5:05:01 PM] Detected local configuration (i.e. .prettierrc or .editorconfig), VS Code configuration will not be used
["INFO" - 5:05:01 PM] Prettier Options:
{
  "filepath": "/home/avi/angular/angular-basics/one/first/src/app/ang-ref/ang-ref.component.html",
  "parser": "angular",
  "useTabs": false,
  "tabWidth": 2
}
["INFO" - 5:05:01 PM] Formatting completed in 141.27394ms.
